::1 - - [25/Jun/2023:08:46:34 +0000] "GET /users/64974f101946192bc5cf2f4a HTTP/1.1" 404 41
::1 - - [25/Jun/2023:08:49:37 +0000] "GET /users/64974f101946192bc5cf2f4a HTTP/1.1" 404 41
::1 - - [25/Jun/2023:08:49:43 +0000] "GET /users/64974f101946192bc5cf2f4a HTTP/1.1" 404 41
::1 - - [25/Jun/2023:08:50:00 +0000] "GET /users/64974f101946192bc5cf2f4a HTTP/1.1" 404 41
::1 - - [28/Jun/2023:05:34:36 +0000] "GET /tasks HTTP/1.1" 200 261
::1 - - [28/Jun/2023:05:36:11 +0000] "GET /tasks/649bc50b68ab7895841a5597 HTTP/1.1" 200 258
::1 - - [28/Jun/2023:05:38:13 +0000] "POST /tasks HTTP/1.1" 201 262
::1 - - [28/Jun/2023:05:39:11 +0000] "POST /tasks HTTP/1.1" 500 114
::1 - - [28/Jun/2023:05:39:29 +0000] "GET /tasks HTTP/1.1" 200 266
::1 - - [28/Jun/2023:05:39:43 +0000] "GET /tasks/649bc7454e1ab05728e83d2c HTTP/1.1" 200 263
::1 - - [28/Jun/2023:05:40:31 +0000] "POST /tasks HTTP/1.1" 201 262
::1 - - [28/Jun/2023:05:41:11 +0000] "PUT /tasks/649bc7cf4e1ab05728e83d31 HTTP/1.1" 200 263
::1 - - [28/Jun/2023:05:41:19 +0000] "PUT /tasks/649bc7cf4e1ab05728e83d31 HTTP/1.1" 200 263
::1 - - [28/Jun/2023:05:41:38 +0000] "DELETE /tasks/649bc7cf4e1ab05728e83d31 HTTP/1.1" 200 263
::1 - - [28/Jun/2023:05:44:16 +0000] "POST /tasks HTTP/1.1" 500 110
::1 - - [28/Jun/2023:05:44:27 +0000] "POST /tasks HTTP/1.1" 500 110
::1 - - [28/Jun/2023:05:44:32 +0000] "POST /projects HTTP/1.1" 201 264
::1 - - [28/Jun/2023:05:44:56 +0000] "GET /projects HTTP/1.1" 200 268
::1 - - [28/Jun/2023:05:45:13 +0000] "GET /projects/649bc8c04e1ab05728e83d38 HTTP/1.1" 200 265
::1 - - [28/Jun/2023:05:56:38 +0000] "POST /projects HTTP/1.1" 201 264
::1 - - [28/Jun/2023:05:56:40 +0000] "GET /projects HTTP/1.1" 200 494
::1 - - [28/Jun/2023:06:03:15 +0000] "POST /tasks HTTP/1.1" 201 262
::1 - - [28/Jun/2023:06:03:17 +0000] "POST /tasks HTTP/1.1" 201 262
::1 - - [28/Jun/2023:06:05:01 +0000] "GET /tasks HTTP/1.1" 200 913
::1 - - [28/Jun/2023:06:06:32 +0000] "GET /projects HTTP/1.1" 200 562
::1 - - [28/Jun/2023:06:07:36 +0000] "GET /projects HTTP/1.1" 200 588
::1 - - [28/Jun/2023:06:07:51 +0000] "PUT /projects/649bc8c04e1ab05728e83d38 HTTP/1.1" 200 359
::1 - - [28/Jun/2023:06:13:42 +0000] "GET /projects HTTP/1.1" 200 588
::1 - - [28/Jun/2023:06:13:48 +0000] "GET /tasks HTTP/1.1" 200 913
::1 - - [28/Jun/2023:06:14:27 +0000] "GET /tasks HTTP/1.1" 200 913
::1 - - [28/Jun/2023:06:14:30 +0000] "GET /projects HTTP/1.1" 200 642
::1 - - [28/Jun/2023:06:15:59 +0000] "DELETE /projects/649bcb964e1ab05728e83d3c HTTP/1.1" 200 265
::ffff:127.0.0.1 - - [28/Jun/2023:06:17:26 +0000] "GET /projects HTTP/1.1" 200 416
::ffff:127.0.0.1 - - [28/Jun/2023:06:18:06 +0000] "GET /projects/ADA HTTP/1.1" 500 120
::1 - - [28/Jun/2023:06:18:28 +0000] "GET /projects HTTP/1.1" 200 416
::ffff:127.0.0.1 - - [28/Jun/2023:06:18:34 +0000] "GET /projects/649bc8c04e1ab05728e83d32 HTTP/1.1" 404 44
::ffff:127.0.0.1 - - [28/Jun/2023:06:18:39 +0000] "GET /projects/649bc8c04e1ab05728e83d3 HTTP/1.1" 500 140
::ffff:127.0.0.1 - - [28/Jun/2023:06:29:18 +0000] "GET /projects/649bc8c04e1ab05728e83d3 HTTP/1.1" 500 50
::ffff:127.0.0.1 - - [28/Jun/2023:06:29:24 +0000] "GET /projects/649bc8c04e1ab05728e83d3 HTTP/1.1" 500 50
::ffff:127.0.0.1 - - [28/Jun/2023:06:31:19 +0000] "GET /projects/649bc8c04e1ab05728e83d3 HTTP/1.1" 400 45
::ffff:127.0.0.1 - - [28/Jun/2023:06:35:24 +0000] "GET /projects/649bc8c04e1ab05728e83d3 HTTP/1.1" 400 45
::ffff:127.0.0.1 - - [28/Jun/2023:06:35:30 +0000] "GET /users/649bc8c04e1ab05728e83d3 HTTP/1.1" 400 42
::ffff:127.0.0.1 - - [28/Jun/2023:06:35:33 +0000] "GET /users/649bc8c04e1ab05728e83d3a HTTP/1.1" 404 41
::ffff:127.0.0.1 - - [28/Jun/2023:06:35:36 +0000] "GET /users/649bc8c04e1ab05728e83d3 HTTP/1.1" 400 42
::ffff:127.0.0.1 - - [28/Jun/2023:06:36:04 +0000] "GET / HTTP/1.1" 404 53
::ffff:127.0.0.1 - - [28/Jun/2023:06:36:15 +0000] "GET /apps HTTP/1.1" 404 57
::1 - - [29/Jun/2023:01:21:44 +0000] "POST /users HTTP/1.1" 201 143
::1 - - [29/Jun/2023:01:22:45 +0000] "POST /users HTTP/1.1" 201 143
::1 - - [29/Jun/2023:01:24:24 +0000] "POST /users HTTP/1.1" 201 143
::1 - - [29/Jun/2023:01:25:27 +0000] "POST /users HTTP/1.1" 201 143
::1 - - [29/Jun/2023:01:25:44 +0000] "POST /users HTTP/1.1" 500 109
::1 - - [29/Jun/2023:01:40:29 +0000] "POST /users HTTP/1.1" 500 70
::1 - - [29/Jun/2023:01:40:52 +0000] "POST /users HTTP/1.1" 500 70
::1 - - [29/Jun/2023:01:42:16 +0000] "POST /users HTTP/1.1" 422 109
::1 - - [29/Jun/2023:01:43:29 +0000] "POST /users HTTP/1.1" 422 143
::1 - - [29/Jun/2023:01:43:36 +0000] "POST /users HTTP/1.1" 422 83
::1 - - [29/Jun/2023:01:52:39 +0000] "POST /users HTTP/1.1" 422 130
::1 - - [29/Jun/2023:02:51:30 +0000] "POST /tasks HTTP/1.1" 422 112
::1 - - [29/Jun/2023:02:54:19 +0000] "POST /tasks HTTP/1.1" 422 114
::1 - - [29/Jun/2023:03:22:48 +0000] "POST /projects HTTP/1.1" 201 264
::1 - - [29/Jun/2023:03:23:19 +0000] "POST /projects HTTP/1.1" 201 283
::1 - - [29/Jun/2023:04:33:27 +0000] "POST /users/signup HTTP/1.1" 422 101
::1 - - [29/Jun/2023:04:33:34 +0000] "POST /users/signup HTTP/1.1" 422 101
::1 - - [29/Jun/2023:04:34:20 +0000] "POST /users/signup HTTP/1.1" 201 390
::1 - - [29/Jun/2023:04:34:36 +0000] "POST /users/signup HTTP/1.1" 201 390
::1 - - [29/Jun/2023:04:42:38 +0000] "POST /users/login HTTP/1.1" 401 52
::1 - - [29/Jun/2023:04:42:57 +0000] "POST /users/login HTTP/1.1" 200 390
::1 - - [29/Jun/2023:04:48:04 +0000] "GET /users HTTP/1.1" 200 206
::1 - - [29/Jun/2023:05:03:56 +0000] "GET /users HTTP/1.1" 200 206
::1 - - [29/Jun/2023:05:04:11 +0000] "POST /users/signup HTTP/1.1" 201 390
::1 - - [29/Jun/2023:05:04:36 +0000] "POST /users/login HTTP/1.1" 200 390
::1 - - [29/Jun/2023:05:05:10 +0000] "PUT /users/649d09cccf760ce57a836bfc HTTP/1.1" 200 203
::1 - - [29/Jun/2023:05:05:23 +0000] "DELETE /users/649d10cbd4fb808ecc4eed67 HTTP/1.1" 200 203
::1 - - [29/Jun/2023:05:05:29 +0000] "GET /tasks HTTP/1.1" 200 913
::1 - - [29/Jun/2023:05:05:48 +0000] "GET /projects HTTP/1.1" 200 435
::1 - - [30/Jun/2023:03:29:15 +0000] "POST /users/login HTTP/1.1" 200 390
::1 - - [30/Jun/2023:03:31:57 +0000] "POST /users/login HTTP/1.1" 200 390
::1 - - [30/Jun/2023:03:31:59 +0000] "POST /users/login HTTP/1.1" 200 390
::1 - - [30/Jun/2023:03:32:00 +0000] "POST /users/login HTTP/1.1" 200 390
::1 - - [30/Jun/2023:03:32:03 +0000] "POST /users/login HTTP/1.1" 200 390
::1 - - [30/Jun/2023:03:32:07 +0000] "POST /users/login HTTP/1.1" 200 390
::1 - - [30/Jun/2023:03:32:14 +0000] "POST /users/login HTTP/1.1" 200 390
::1 - - [30/Jun/2023:03:54:04 +0000] "POST /users/login HTTP/1.1" 200 390
::1 - - [30/Jun/2023:03:54:18 +0000] "POST /users/login HTTP/1.1" 401 52
::1 - - [30/Jun/2023:03:54:22 +0000] "POST /users/login HTTP/1.1" 200 390
::1 - - [30/Jun/2023:04:08:59 +0000] "PUT /users/649d09cccf760ce57a836bfc HTTP/1.1" 401 58
::1 - - [30/Jun/2023:04:09:06 +0000] "GET /users/649389a8c17b4d2f182405ff HTTP/1.1" 401 58
::1 - - [30/Jun/2023:04:09:10 +0000] "GET /users HTTP/1.1" 401 58
::1 - - [30/Jun/2023:04:09:15 +0000] "POST /users/login HTTP/1.1" 200 390
::1 - - [30/Jun/2023:04:10:01 +0000] "POST /users/login HTTP/1.1" 200 390
::1 - - [30/Jun/2023:04:10:12 +0000] "GET /users HTTP/1.1" 401 58
::1 - - [30/Jun/2023:04:10:49 +0000] "GET /users HTTP/1.1" 401 58
::1 - - [30/Jun/2023:04:11:18 +0000] "GET /users HTTP/1.1" 200 206
::1 - - [30/Jun/2023:04:11:28 +0000] "GET /users HTTP/1.1" 401 58
::1 - - [30/Jun/2023:04:11:34 +0000] "GET /users HTTP/1.1" 200 206
::1 - - [30/Jun/2023:04:11:46 +0000] "POST /users/login HTTP/1.1" 200 390
::1 - - [30/Jun/2023:04:11:48 +0000] "GET /users/649389a8c17b4d2f182405ff HTTP/1.1" 401 58
::1 - - [30/Jun/2023:04:11:50 +0000] "GET /users HTTP/1.1" 200 206
::1 - - [30/Jun/2023:04:11:52 +0000] "GET /users HTTP/1.1" 200 206
::1 - - [04/Jul/2023:07:23:57 +0000] "GET / HTTP/1.1" 404 53
::1 - - [04/Jul/2023:07:23:57 +0000] "GET /favicon.ico HTTP/1.1" 404 64
::ffff:127.0.0.1 - - [04/Jul/2023:07:34:02 +0000] "OPTIONS /users/login HTTP/1.1" 200 24
::ffff:127.0.0.1 - - [04/Jul/2023:07:34:29 +0000] "OPTIONS /users/login HTTP/1.1" 200 24
::1 - - [04/Jul/2023:07:35:17 +0000] "POST /users/login HTTP/1.1" 200 390
::1 - - [04/Jul/2023:07:42:12 +0000] "GET /users HTTP/1.1" 401 58
::1 - - [04/Jul/2023:07:42:17 +0000] "POST /users/login HTTP/1.1" 200 390
::1 - - [04/Jul/2023:07:42:20 +0000] "POST /users/login HTTP/1.1" 200 390
::1 - - [04/Jul/2023:07:42:20 +0000] "POST /users/login HTTP/1.1" 200 390
::1 - - [04/Jul/2023:07:42:21 +0000] "POST /users/login HTTP/1.1" 200 390
::1 - - [04/Jul/2023:07:42:22 +0000] "POST /users/login HTTP/1.1" 200 390
::1 - - [04/Jul/2023:07:42:23 +0000] "POST /users/login HTTP/1.1" 200 390
::1 - - [04/Jul/2023:07:42:23 +0000] "POST /users/login HTTP/1.1" 200 390
::1 - - [04/Jul/2023:07:42:24 +0000] "POST /users/login HTTP/1.1" 200 390
::1 - - [04/Jul/2023:07:42:25 +0000] "POST /users/login HTTP/1.1" 200 390
::1 - - [04/Jul/2023:07:42:26 +0000] "POST /users/login HTTP/1.1" 200 390
::1 - - [05/Jul/2023:00:22:08 +0000] "OPTIONS /users/login HTTP/1.1" 200 24
::1 - - [05/Jul/2023:00:23:15 +0000] "OPTIONS /users/login HTTP/1.1" 200 24
::1 - - [05/Jul/2023:00:26:32 +0000] "POST /users/login HTTP/1.1" 401 52
::1 - - [05/Jul/2023:00:26:55 +0000] "POST /users/login HTTP/1.1" 200 390
::1 - - [05/Jul/2023:06:04:57 +0000] "POST /users/login HTTP/1.1" 401 52
::1 - - [05/Jul/2023:06:05:46 +0000] "POST /users/login HTTP/1.1" 401 52
::1 - - [05/Jul/2023:06:09:20 +0000] "POST /users/login HTTP/1.1" 401 52
::1 - - [05/Jul/2023:06:09:22 +0000] "POST /users/login HTTP/1.1" 401 52
::1 - - [05/Jul/2023:06:09:22 +0000] "POST /users/login HTTP/1.1" 401 52
::1 - - [05/Jul/2023:06:09:22 +0000] "POST /users/login HTTP/1.1" 401 52
::1 - - [05/Jul/2023:06:09:22 +0000] "POST /users/login HTTP/1.1" 401 52
::1 - - [05/Jul/2023:06:09:23 +0000] "POST /users/login HTTP/1.1" 401 52
::1 - - [05/Jul/2023:06:09:23 +0000] "POST /users/login HTTP/1.1" 401 52
::1 - - [05/Jul/2023:06:09:23 +0000] "POST /users/login HTTP/1.1" 401 52
::1 - - [05/Jul/2023:06:09:24 +0000] "POST /users/login HTTP/1.1" 401 52
::ffff:127.0.0.1 - - [05/Jul/2023:06:10:19 +0000] "POST /users/login HTTP/1.1" 401 52
::1 - - [05/Jul/2023:06:22:22 +0000] "POST /users/login HTTP/1.1" 401 52
::1 - - [05/Jul/2023:06:23:45 +0000] "POST /users/login HTTP/1.1" 401 52
::1 - - [05/Jul/2023:06:23:51 +0000] "POST /users/login HTTP/1.1" 401 52
::1 - - [05/Jul/2023:06:28:46 +0000] "POST /users/login HTTP/1.1" 200 390
::1 - - [05/Jul/2023:06:28:54 +0000] "POST /users/login HTTP/1.1" 200 390
::1 - - [05/Jul/2023:08:25:36 +0000] "POST /users/login HTTP/1.1" 401 52
::1 - - [05/Jul/2023:08:25:56 +0000] "POST /users/login HTTP/1.1" 200 390
::1 - - [05/Jul/2023:08:27:31 +0000] "POST /users/login HTTP/1.1" 200 390
::1 - - [05/Jul/2023:08:27:32 +0000] "POST /users/login HTTP/1.1" 200 390
::1 - - [05/Jul/2023:08:29:53 +0000] "POST /users/login HTTP/1.1" 200 390
::ffff:127.0.0.1 - - [05/Jul/2023:08:35:18 +0000] "POST /users/login HTTP/1.1" 200 390
::ffff:127.0.0.1 - - [05/Jul/2023:20:04:05 +0000] "POST /users/login HTTP/1.1" 401 52
::1 - - [05/Jul/2023:20:07:54 +0000] "POST /users/login HTTP/1.1" 401 52
::1 - - [05/Jul/2023:20:08:04 +0000] "POST /users/login HTTP/1.1" 401 52
::1 - - [05/Jul/2023:20:08:04 +0000] "POST /users/login HTTP/1.1" 401 52
::1 - - [05/Jul/2023:20:08:04 +0000] "POST /users/login HTTP/1.1" 401 52
::1 - - [05/Jul/2023:20:08:05 +0000] "POST /users/login HTTP/1.1" 401 52
::1 - - [05/Jul/2023:20:08:17 +0000] "POST /users/login HTTP/1.1" 401 52
::1 - - [05/Jul/2023:20:08:17 +0000] "POST /users/login HTTP/1.1" 401 52
::1 - - [05/Jul/2023:20:08:18 +0000] "POST /users/login HTTP/1.1" 401 52
::1 - - [05/Jul/2023:20:09:43 +0000] "POST /users/register HTTP/1.1" 404 67
::ffff:127.0.0.1 - - [05/Jul/2023:20:11:25 +0000] "POST /users/signup HTTP/1.1" 201 382
::ffff:127.0.0.1 - - [05/Jul/2023:20:29:01 +0000] "POST /users/signup HTTP/1.1" 201 383
::1 - - [05/Jul/2023:20:38:09 +0000] "POST /users/login HTTP/1.1" 200 390
::1 - - [05/Jul/2023:21:17:17 +0000] "POST /users/login HTTP/1.1" 200 390
::1 - - [06/Jul/2023:00:45:22 +0000] "GET /users HTTP/1.1" 401 58
::ffff:127.0.0.1 - - [06/Jul/2023:03:32:19 +0000] "GET / HTTP/1.1" 500 462
::ffff:127.0.0.1 - - [06/Jul/2023:03:38:25 +0000] "GET / HTTP/1.1" 500 462
::ffff:127.0.0.1 - - [06/Jul/2023:03:38:27 +0000] "GET / HTTP/1.1" 500 462
::ffff:127.0.0.1 - - [06/Jul/2023:03:38:59 +0000] "GET / HTTP/1.1" 500 462
::ffff:127.0.0.1 - - [06/Jul/2023:03:39:03 +0000] "GET / HTTP/1.1" 500 462
::ffff:127.0.0.1 - - [06/Jul/2023:03:39:14 +0000] "GET / HTTP/1.1" 200 943
::ffff:127.0.0.1 - - [06/Jul/2023:03:39:14 +0000] "GET /public/styles.css HTTP/1.1" 404 70
::ffff:127.0.0.1 - - [06/Jul/2023:03:39:14 +0000] "GET /favicon.ico HTTP/1.1" 404 64
::ffff:127.0.0.1 - - [06/Jul/2023:03:40:01 +0000] "GET / HTTP/1.1" 200 1189
::ffff:127.0.0.1 - - [06/Jul/2023:03:40:01 +0000] "GET /public/styles.css HTTP/1.1" 404 70
::1 - - [06/Jul/2023:03:40:12 +0000] "GET / HTTP/1.1" 200 1189
::1 - - [06/Jul/2023:03:40:12 +0000] "GET /public/styles.css HTTP/1.1" 404 70
::1 - - [06/Jul/2023:03:40:13 +0000] "GET /favicon.ico HTTP/1.1" 404 64
::1 - - [06/Jul/2023:03:40:57 +0000] "GET /public/styles.css HTTP/1.1" 404 70
::1 - - [06/Jul/2023:03:40:58 +0000] "POST /login HTTP/1.1" 404 58
::1 - - [06/Jul/2023:03:41:21 +0000] "POST /login HTTP/1.1" 404 58
::1 - - [06/Jul/2023:03:41:41 +0000] "GET / HTTP/1.1" 304 -
::1 - - [06/Jul/2023:03:41:41 +0000] "GET /public/styles.css HTTP/1.1" 404 70
::1 - - [06/Jul/2023:03:41:49 +0000] "GET / HTTP/1.1" 304 -
::1 - - [06/Jul/2023:03:41:49 +0000] "GET /public/styles.css HTTP/1.1" 404 70
::1 - - [06/Jul/2023:03:43:54 +0000] "GET / HTTP/1.1" 200 1210
::1 - - [06/Jul/2023:03:43:54 +0000] "GET /public/styles.css HTTP/1.1" 404 70
::1 - - [06/Jul/2023:03:44:23 +0000] "GET /public HTTP/1.1" 404 59
::1 - - [06/Jul/2023:03:45:14 +0000] "GET /public/styles.css HTTP/1.1" 404 70
::1 - - [06/Jul/2023:03:45:15 +0000] "GET / HTTP/1.1" 304 -
::1 - - [06/Jul/2023:03:45:15 +0000] "GET /public/styles.css HTTP/1.1" 404 70
::1 - - [06/Jul/2023:03:45:16 +0000] "GET / HTTP/1.1" 304 -
::1 - - [06/Jul/2023:03:45:16 +0000] "GET /public/styles.css HTTP/1.1" 404 70
::1 - - [06/Jul/2023:03:45:16 +0000] "GET / HTTP/1.1" 304 -
::1 - - [06/Jul/2023:03:45:16 +0000] "GET /public/styles.css HTTP/1.1" 404 70
::1 - - [06/Jul/2023:03:45:16 +0000] "GET / HTTP/1.1" 304 -
::1 - - [06/Jul/2023:03:45:16 +0000] "GET /public/styles.css HTTP/1.1" 404 70
::1 - - [06/Jul/2023:03:45:16 +0000] "GET / HTTP/1.1" 304 -
::1 - - [06/Jul/2023:03:45:16 +0000] "GET /public/styles.css HTTP/1.1" 404 70
::1 - - [06/Jul/2023:03:45:17 +0000] "GET / HTTP/1.1" 304 -
::1 - - [06/Jul/2023:03:45:17 +0000] "GET /public/styles.css HTTP/1.1" 404 70
::1 - - [06/Jul/2023:03:45:17 +0000] "GET / HTTP/1.1" 304 -
::1 - - [06/Jul/2023:03:45:17 +0000] "GET /public/styles.css HTTP/1.1" 404 70
::1 - - [06/Jul/2023:03:48:17 +0000] "GET /public/styles.css HTTP/1.1" 404 70
::1 - - [06/Jul/2023:03:48:17 +0000] "GET / HTTP/1.1" 200 1201
::1 - - [06/Jul/2023:03:48:18 +0000] "GET / HTTP/1.1" 304 -
::1 - - [06/Jul/2023:03:48:48 +0000] "POST /login HTTP/1.1" 404 58
::1 - - [06/Jul/2023:03:49:19 +0000] "POST /login HTTP/1.1" 404 58
::1 - - [06/Jul/2023:03:49:56 +0000] "GET / HTTP/1.1" 404 53
::1 - - [06/Jul/2023:03:49:59 +0000] "GET / HTTP/1.1" 404 53
::1 - - [06/Jul/2023:03:49:59 +0000] "GET / HTTP/1.1" 404 53
::1 - - [06/Jul/2023:03:49:59 +0000] "GET / HTTP/1.1" 404 53
::1 - - [06/Jul/2023:03:49:59 +0000] "GET / HTTP/1.1" 404 53
::1 - - [06/Jul/2023:03:50:12 +0000] "GET /login HTTP/1.1" 200 1186
::1 - - [06/Jul/2023:03:51:19 +0000] "POST /users/login/ HTTP/1.1" 401 52
::1 - - [06/Jul/2023:03:51:24 +0000] "POST /users/login/ HTTP/1.1" 401 52
::1 - - [06/Jul/2023:03:51:45 +0000] "POST /users/login HTTP/1.1" 200 390
::1 - - [06/Jul/2023:03:51:50 +0000] "POST /users/login/ HTTP/1.1" 401 52
::1 - - [06/Jul/2023:03:53:11 +0000] "POST /users/login/ HTTP/1.1" 401 52
::1 - - [06/Jul/2023:03:54:57 +0000] "POST /users/login/ HTTP/1.1" 401 52
::1 - - [06/Jul/2023:03:54:59 +0000] "POST /users/login/ HTTP/1.1" 401 52
::1 - - [06/Jul/2023:03:56:05 +0000] "POST /users/login/ HTTP/1.1" 401 52
::1 - - [06/Jul/2023:03:59:13 +0000] "POST /users/login/ HTTP/1.1" 401 52
::1 - - [06/Jul/2023:03:59:31 +0000] "POST /users/login/ HTTP/1.1" 401 52
::1 - - [06/Jul/2023:03:59:44 +0000] "GET /login HTTP/1.1" 200 3252
::1 - - [06/Jul/2023:03:59:44 +0000] "GET /login HTTP/1.1" 304 -
::1 - - [06/Jul/2023:03:59:44 +0000] "GET /login HTTP/1.1" 304 -
::1 - - [06/Jul/2023:03:59:56 +0000] "POST /users/login HTTP/1.1" 200 390
::1 - - [06/Jul/2023:03:59:57 +0000] "POST /users/login HTTP/1.1" 200 390
::1 - - [06/Jul/2023:03:59:57 +0000] "POST /users/login HTTP/1.1" 200 390
::1 - - [06/Jul/2023:03:59:57 +0000] "POST /users/login HTTP/1.1" 200 390
::1 - - [06/Jul/2023:03:59:57 +0000] "POST /users/login HTTP/1.1" 200 390
::1 - - [06/Jul/2023:03:59:59 +0000] "POST /users/login HTTP/1.1" 200 390
::1 - - [06/Jul/2023:04:00:03 +0000] "POST /users/login HTTP/1.1" 200 390
::1 - - [06/Jul/2023:04:00:03 +0000] "POST /users/login HTTP/1.1" 200 390
::1 - - [06/Jul/2023:04:00:03 +0000] "POST /users/login HTTP/1.1" 200 390
::1 - - [06/Jul/2023:04:00:07 +0000] "POST /users/login HTTP/1.1" 401 52
::1 - - [06/Jul/2023:04:01:40 +0000] "GET /login HTTP/1.1" 200 3596
::1 - - [06/Jul/2023:04:01:53 +0000] "POST /users/login HTTP/1.1" 200 390
::1 - - [06/Jul/2023:04:03:11 +0000] "GET /login HTTP/1.1" 200 3556
::1 - - [06/Jul/2023:04:03:18 +0000] "POST /users/login HTTP/1.1" 200 390
::ffff:127.0.0.1 - - [06/Jul/2023:04:03:24 +0000] "GET /login HTTP/1.1" 200 3556
::ffff:127.0.0.1 - - [06/Jul/2023:04:03:41 +0000] "POST /users/login HTTP/1.1" 200 390
::ffff:127.0.0.1 - - [06/Jul/2023:04:04:34 +0000] "GET /login HTTP/1.1" 200 3568
::ffff:127.0.0.1 - - [06/Jul/2023:04:04:42 +0000] "POST /users/login HTTP/1.1" 200 390
::ffff:127.0.0.1 - - [06/Jul/2023:04:06:46 +0000] "GET /login HTTP/1.1" 200 3570
::ffff:127.0.0.1 - - [06/Jul/2023:04:06:54 +0000] "GET /login HTTP/1.1" 304 -
::ffff:127.0.0.1 - - [06/Jul/2023:04:06:55 +0000] "GET /login HTTP/1.1" 304 -
::ffff:127.0.0.1 - - [06/Jul/2023:04:06:55 +0000] "GET /login HTTP/1.1" 304 -
::ffff:127.0.0.1 - - [06/Jul/2023:04:07:05 +0000] "GET / HTTP/1.1" 404 53
::ffff:127.0.0.1 - - [06/Jul/2023:04:07:08 +0000] "GET /login HTTP/1.1" 304 -
::1 - - [06/Jul/2023:04:08:03 +0000] "GET /login HTTP/1.1" 200 3570
::1 - - [06/Jul/2023:04:08:13 +0000] "POST /users/login HTTP/1.1" 401 52
::1 - - [06/Jul/2023:04:09:54 +0000] "POST /users/login HTTP/1.1" 401 52
::1 - - [06/Jul/2023:04:09:57 +0000] "GET /login HTTP/1.1" 200 3944
::1 - - [06/Jul/2023:04:10:05 +0000] "POST /users/login HTTP/1.1" 200 390
::1 - - [06/Jul/2023:04:10:06 +0000] "POST /users/login HTTP/1.1" 200 390
::1 - - [06/Jul/2023:04:10:07 +0000] "POST /users/login HTTP/1.1" 200 390
::1 - - [06/Jul/2023:04:10:07 +0000] "POST /users/login HTTP/1.1" 200 390
::1 - - [06/Jul/2023:04:10:15 +0000] "GET /login HTTP/1.1" 200 3570
::1 - - [06/Jul/2023:04:10:23 +0000] "POST /users/login HTTP/1.1" 401 52
::1 - - [06/Jul/2023:04:10:44 +0000] "POST /users/login HTTP/1.1" 200 390
::1 - - [06/Jul/2023:04:10:55 +0000] "GET /login HTTP/1.1" 200 3572
::ffff:127.0.0.1 - - [06/Jul/2023:04:14:03 +0000] "GET /login HTTP/1.1" 200 4082
::ffff:127.0.0.1 - - [06/Jul/2023:04:14:10 +0000] "POST /users/login HTTP/1.1" 401 52
::ffff:127.0.0.1 - - [06/Jul/2023:04:14:12 +0000] "POST /users/login HTTP/1.1" 401 52
::ffff:127.0.0.1 - - [06/Jul/2023:04:15:01 +0000] "GET /login HTTP/1.1" 200 4180
::ffff:127.0.0.1 - - [06/Jul/2023:04:15:03 +0000] "POST /users/login HTTP/1.1" 401 52
::ffff:127.0.0.1 - - [06/Jul/2023:04:15:31 +0000] "GET /login HTTP/1.1" 200 4132
::ffff:127.0.0.1 - - [06/Jul/2023:04:15:32 +0000] "POST /users/login HTTP/1.1" 401 52
::ffff:127.0.0.1 - - [06/Jul/2023:04:16:38 +0000] "GET /login HTTP/1.1" 200 4136
::ffff:127.0.0.1 - - [06/Jul/2023:04:16:39 +0000] "POST /users/login HTTP/1.1" 401 52
::1 - - [06/Jul/2023:04:20:32 +0000] "GET /login HTTP/1.1" 200 4260
::1 - - [06/Jul/2023:04:20:44 +0000] "POST /users/login HTTP/1.1" 200 390
::1 - - [06/Jul/2023:04:20:44 +0000] "GET /index HTTP/1.1" 404 58
::1 - - [06/Jul/2023:04:21:07 +0000] "POST /users/login HTTP/1.1" 200 390
::1 - - [06/Jul/2023:04:21:07 +0000] "GET /index HTTP/1.1" 404 58
::1 - - [06/Jul/2023:04:21:41 +0000] "POST /login HTTP/1.1" 404 58
::1 - - [06/Jul/2023:04:21:46 +0000] "GET /login HTTP/1.1" 200 4255
::1 - - [06/Jul/2023:04:21:53 +0000] "POST /users/login HTTP/1.1" 200 390
::1 - - [06/Jul/2023:04:21:53 +0000] "GET / HTTP/1.1" 200 810
::1 - - [06/Jul/2023:04:26:19 +0000] "GET /login HTTP/1.1" 200 4507
::1 - - [06/Jul/2023:04:26:27 +0000] "POST /users/login HTTP/1.1" 200 390
::1 - - [06/Jul/2023:04:26:27 +0000] "GET /index HTTP/1.1" 404 58
::1 - - [06/Jul/2023:04:26:36 +0000] "POST /users/login HTTP/1.1" 200 390
::1 - - [06/Jul/2023:04:26:36 +0000] "GET /index HTTP/1.1" 404 58
::1 - - [06/Jul/2023:04:26:37 +0000] "GET /login HTTP/1.1" 200 4502
::1 - - [06/Jul/2023:04:26:44 +0000] "POST /users/login HTTP/1.1" 200 390
::1 - - [06/Jul/2023:04:26:44 +0000] "GET / HTTP/1.1" 304 -
::1 - - [06/Jul/2023:04:29:11 +0000] "GET / HTTP/1.1" 200 1129
::1 - - [06/Jul/2023:04:29:13 +0000] "GET /login HTTP/1.1" 200 4438
::1 - - [06/Jul/2023:04:29:16 +0000] "GET / HTTP/1.1" 304 -
::1 - - [06/Jul/2023:04:29:22 +0000] "GET / HTTP/1.1" 304 -
::1 - - [06/Jul/2023:04:30:33 +0000] "GET / HTTP/1.1" 302 56
::1 - - [06/Jul/2023:04:30:33 +0000] "GET /login HTTP/1.1" 304 -
::1 - - [06/Jul/2023:04:30:36 +0000] "GET / HTTP/1.1" 302 56
::1 - - [06/Jul/2023:04:30:36 +0000] "GET /login HTTP/1.1" 304 -
::1 - - [06/Jul/2023:04:30:39 +0000] "GET / HTTP/1.1" 302 56
::1 - - [06/Jul/2023:04:30:39 +0000] "GET /login HTTP/1.1" 304 -
::1 - - [06/Jul/2023:04:57:10 +0000] "GET / HTTP/1.1" 302 56
::1 - - [06/Jul/2023:04:57:10 +0000] "GET /login HTTP/1.1" 304 -
::1 - - [06/Jul/2023:06:54:08 +0000] "GET /login HTTP/1.1" 200 4618
::1 - - [06/Jul/2023:06:54:10 +0000] "GET /register HTTP/1.1" 404 61
::1 - - [06/Jul/2023:06:55:07 +0000] "GET /login HTTP/1.1" 304 -
::1 - - [06/Jul/2023:06:55:08 +0000] "GET /register HTTP/1.1" 404 61
::1 - - [06/Jul/2023:06:55:23 +0000] "GET /login HTTP/1.1" 304 -
::1 - - [06/Jul/2023:06:55:26 +0000] "GET /login HTTP/1.1" 304 -
::1 - - [06/Jul/2023:06:55:41 +0000] "GET /register HTTP/1.1" 404 61
::1 - - [06/Jul/2023:06:55:52 +0000] "GET /login HTTP/1.1" 200 4616
::1 - - [06/Jul/2023:06:55:53 +0000] "GET /signup HTTP/1.1" 200 4463
::1 - - [06/Jul/2023:06:58:44 +0000] "GET /signup HTTP/1.1" 200 5147
::1 - - [06/Jul/2023:07:04:02 +0000] "GET /signup HTTP/1.1" 200 5477
::1 - - [06/Jul/2023:07:04:23 +0000] "POST /users/register HTTP/1.1" 404 67
::1 - - [06/Jul/2023:07:04:30 +0000] "POST /users/register HTTP/1.1" 404 67
::1 - - [06/Jul/2023:07:04:41 +0000] "GET /signup HTTP/1.1" 304 -
::1 - - [06/Jul/2023:07:05:06 +0000] "POST /users/register HTTP/1.1" 404 67
::1 - - [06/Jul/2023:07:06:02 +0000] "GET /signup HTTP/1.1" 304 -
::1 - - [06/Jul/2023:07:06:13 +0000] "POST /users/register HTTP/1.1" 404 67
::1 - - [06/Jul/2023:07:07:03 +0000] "GET /signup HTTP/1.1" 200 5475
::1 - - [06/Jul/2023:07:07:12 +0000] "POST /users/signup HTTP/1.1" 201 387
::1 - - [06/Jul/2023:07:08:02 +0000] "GET /signup HTTP/1.1" 200 5329
::1 - - [06/Jul/2023:07:08:17 +0000] "POST /users/signup HTTP/1.1" 422 81
::1 - - [06/Jul/2023:07:10:31 +0000] "GET /signup HTTP/1.1" 200 5477
::1 - - [06/Jul/2023:07:11:47 +0000] "POST /users/signup HTTP/1.1" 422 81
::1 - - [06/Jul/2023:07:12:32 +0000] "POST /users/signup HTTP/1.1" 201 387
::1 - - [06/Jul/2023:07:12:52 +0000] "GET /signup HTTP/1.1" 304 -
::1 - - [06/Jul/2023:07:15:23 +0000] "GET /signup HTTP/1.1" 200 5912
::1 - - [06/Jul/2023:07:22:40 +0000] "GET /signup HTTP/1.1" 200 7348
::1 - - [06/Jul/2023:07:23:25 +0000] "GET /signup HTTP/1.1" 200 7361
::1 - - [06/Jul/2023:07:23:35 +0000] "GET /signup HTTP/1.1" 200 7133
::1 - - [06/Jul/2023:07:24:01 +0000] "GET /signup HTTP/1.1" 304 -
::1 - - [06/Jul/2023:07:24:05 +0000] "GET /signup HTTP/1.1" 200 7361
::1 - - [06/Jul/2023:07:24:53 +0000] "GET /signup HTTP/1.1" 200 7348
::1 - - [06/Jul/2023:07:26:00 +0000] "GET /signup HTTP/1.1" 200 7350
::1 - - [06/Jul/2023:07:27:57 +0000] "GET /signup HTTP/1.1" 200 7342
::1 - - [06/Jul/2023:07:29:10 +0000] "GET /signup HTTP/1.1" 200 7327
::1 - - [06/Jul/2023:07:29:23 +0000] "POST /users/signup HTTP/1.1" 201 384
::1 - - [06/Jul/2023:07:29:52 +0000] "GET /signup HTTP/1.1" 200 7185
::1 - - [06/Jul/2023:07:30:01 +0000] "POST /users/signup HTTP/1.1" 201 384
::1 - - [06/Jul/2023:07:30:08 +0000] "GET /login HTTP/1.1" 304 -
::1 - - [06/Jul/2023:07:30:58 +0000] "GET /signup HTTP/1.1" 200 7185
::1 - - [06/Jul/2023:07:31:05 +0000] "POST /users/signup HTTP/1.1" 201 384
::1 - - [06/Jul/2023:07:31:05 +0000] "GET /login HTTP/1.1" 304 -
::1 - - [06/Jul/2023:07:31:37 +0000] "GET /login HTTP/1.1" 304 -
::1 - - [06/Jul/2023:07:31:38 +0000] "GET /signup HTTP/1.1" 200 7327
::1 - - [06/Jul/2023:07:31:45 +0000] "POST /users/signup HTTP/1.1" 201 384
::1 - - [06/Jul/2023:07:31:47 +0000] "GET /login HTTP/1.1" 304 -
::1 - - [06/Jul/2023:07:32:26 +0000] "GET /signup HTTP/1.1" 200 7340
::1 - - [06/Jul/2023:07:32:35 +0000] "POST /users/signup HTTP/1.1" 201 384
::1 - - [06/Jul/2023:07:32:37 +0000] "GET /login HTTP/1.1" 304 -
::1 - - [06/Jul/2023:07:38:04 +0000] "GET /login HTTP/1.1" 304 -
::1 - - [06/Jul/2023:07:38:11 +0000] "GET /signup HTTP/1.1" 200 7337
::1 - - [06/Jul/2023:07:38:25 +0000] "POST /users/signup HTTP/1.1" 201 389
::1 - - [06/Jul/2023:07:38:27 +0000] "GET /login HTTP/1.1" 304 -
::1 - - [06/Jul/2023:07:38:55 +0000] "POST /users/signup HTTP/1.1" 422 47
::1 - - [06/Jul/2023:07:45:49 +0000] "GET /login HTTP/1.1" 304 -
::1 - - [06/Jul/2023:07:45:53 +0000] "POST /users/login HTTP/1.1" 401 52
::1 - - [06/Jul/2023:07:45:58 +0000] "POST /users/login HTTP/1.1" 200 390
::1 - - [06/Jul/2023:07:45:58 +0000] "GET / HTTP/1.1" 302 56
::1 - - [06/Jul/2023:07:45:58 +0000] "GET /login HTTP/1.1" 304 -
::1 - - [06/Jul/2023:07:46:10 +0000] "POST /users/login HTTP/1.1" 401 52
::1 - - [06/Jul/2023:07:46:15 +0000] "POST /users/login HTTP/1.1" 200 390
::1 - - [06/Jul/2023:07:46:15 +0000] "GET / HTTP/1.1" 302 56
::1 - - [06/Jul/2023:07:46:15 +0000] "GET /login HTTP/1.1" 304 -
::1 - - [06/Jul/2023:07:46:32 +0000] "GET / HTTP/1.1" 302 56
::1 - - [06/Jul/2023:07:46:32 +0000] "GET /login HTTP/1.1" 304 -
::1 - - [06/Jul/2023:07:46:57 +0000] "POST /users/login HTTP/1.1" 200 390
::1 - - [06/Jul/2023:07:46:57 +0000] "GET / HTTP/1.1" 302 56
::1 - - [06/Jul/2023:07:46:57 +0000] "GET /login HTTP/1.1" 304 -
::1 - - [06/Jul/2023:07:48:47 +0000] "GET /login HTTP/1.1" 304 -
::1 - - [06/Jul/2023:07:48:53 +0000] "POST /users/login HTTP/1.1" 200 390
::1 - - [06/Jul/2023:07:48:53 +0000] "GET / HTTP/1.1" 302 56
::1 - - [06/Jul/2023:07:48:53 +0000] "GET /login HTTP/1.1" 304 -
::1 - - [06/Jul/2023:07:51:47 +0000] "GET /login HTTP/1.1" 304 -
::1 - - [06/Jul/2023:07:52:04 +0000] "POST /users/login HTTP/1.1" 200 390
::1 - - [06/Jul/2023:07:52:04 +0000] "GET / HTTP/1.1" 302 56
::1 - - [06/Jul/2023:07:52:04 +0000] "GET /login HTTP/1.1" 304 -
::1 - - [06/Jul/2023:07:55:21 +0000] "POST /users/login HTTP/1.1" 200 390
::1 - - [06/Jul/2023:07:55:21 +0000] "GET / HTTP/1.1" 302 56
::1 - - [06/Jul/2023:07:55:21 +0000] "GET /login HTTP/1.1" 304 -
::1 - - [06/Jul/2023:07:55:26 +0000] "POST /users/login HTTP/1.1" 200 390
::1 - - [06/Jul/2023:07:55:26 +0000] "GET / HTTP/1.1" 302 56
::1 - - [06/Jul/2023:07:55:26 +0000] "GET /login HTTP/1.1" 304 -
::1 - - [06/Jul/2023:07:59:54 +0000] "GET / HTTP/1.1" 302 56
::1 - - [06/Jul/2023:07:59:54 +0000] "GET /login HTTP/1.1" 304 -
::1 - - [06/Jul/2023:08:04:31 +0000] "GET /signup HTTP/1.1" 304 -
::1 - - [06/Jul/2023:08:04:33 +0000] "GET /login HTTP/1.1" 304 -
::1 - - [06/Jul/2023:08:04:33 +0000] "GET /signup HTTP/1.1" 304 -
::1 - - [06/Jul/2023:08:04:35 +0000] "GET /login HTTP/1.1" 304 -
::1 - - [06/Jul/2023:08:04:51 +0000] "GET /login HTTP/1.1" 200 4763
::1 - - [06/Jul/2023:08:04:53 +0000] "GET /signup HTTP/1.1" 304 -
::1 - - [06/Jul/2023:08:04:54 +0000] "GET /login HTTP/1.1" 304 -
::1 - - [06/Jul/2023:08:05:28 +0000] "GET /login HTTP/1.1" 200 4751
::1 - - [06/Jul/2023:08:05:29 +0000] "GET /login HTTP/1.1" 304 -
::1 - - [06/Jul/2023:08:05:29 +0000] "GET /login HTTP/1.1" 304 -
::1 - - [06/Jul/2023:08:05:29 +0000] "GET /login HTTP/1.1" 304 -
::1 - - [06/Jul/2023:08:05:56 +0000] "GET /login HTTP/1.1" 304 -
::1 - - [06/Jul/2023:08:06:04 +0000] "GET /login HTTP/1.1" 304 -
::1 - - [06/Jul/2023:08:06:05 +0000] "GET /signup HTTP/1.1" 304 -
::1 - - [06/Jul/2023:08:06:06 +0000] "GET /login HTTP/1.1" 304 -
::1 - - [06/Jul/2023:08:06:08 +0000] "GET /signup HTTP/1.1" 304 -
::1 - - [06/Jul/2023:08:06:09 +0000] "GET /login HTTP/1.1" 304 -
::1 - - [06/Jul/2023:08:06:10 +0000] "GET /signup HTTP/1.1" 304 -
::1 - - [06/Jul/2023:08:06:11 +0000] "GET /login HTTP/1.1" 304 -
::1 - - [06/Jul/2023:08:06:12 +0000] "GET /signup HTTP/1.1" 304 -
::1 - - [06/Jul/2023:08:06:12 +0000] "GET /login HTTP/1.1" 304 -
::1 - - [06/Jul/2023:08:06:13 +0000] "GET /signup HTTP/1.1" 304 -
::1 - - [06/Jul/2023:08:06:14 +0000] "GET /login HTTP/1.1" 304 -
::1 - - [06/Jul/2023:08:06:15 +0000] "GET /signup HTTP/1.1" 304 -
::1 - - [06/Jul/2023:08:06:45 +0000] "GET /login HTTP/1.1" 304 -
::1 - - [06/Jul/2023:08:07:34 +0000] "POST /users/login HTTP/1.1" 200 390
::1 - - [06/Jul/2023:08:07:34 +0000] "GET / HTTP/1.1" 302 56
::1 - - [06/Jul/2023:08:07:34 +0000] "GET /login HTTP/1.1" 304 -
::1 - - [06/Jul/2023:08:08:40 +0000] "POST /users/login HTTP/1.1" 200 390
::1 - - [06/Jul/2023:08:08:40 +0000] "GET / HTTP/1.1" 302 56
::1 - - [06/Jul/2023:08:08:40 +0000] "GET /login HTTP/1.1" 304 -
::1 - - [06/Jul/2023:08:10:13 +0000] "POST /users/login HTTP/1.1" 200 390
::1 - - [06/Jul/2023:08:10:13 +0000] "GET / HTTP/1.1" 302 56
::1 - - [06/Jul/2023:08:10:13 +0000] "GET /login HTTP/1.1" 304 -
::1 - - [06/Jul/2023:08:13:05 +0000] "POST /users/login HTTP/1.1" 200 390
::1 - - [06/Jul/2023:08:13:05 +0000] "GET / HTTP/1.1" 302 56
::1 - - [06/Jul/2023:08:13:05 +0000] "GET /login HTTP/1.1" 304 -
::1 - - [06/Jul/2023:08:13:41 +0000] "POST /users/login HTTP/1.1" 200 390
::1 - - [06/Jul/2023:08:13:41 +0000] "GET / HTTP/1.1" 302 56
::1 - - [06/Jul/2023:08:13:41 +0000] "GET /login HTTP/1.1" 304 -
::1 - - [06/Jul/2023:08:14:17 +0000] "GET /login HTTP/1.1" 200 4756
::1 - - [06/Jul/2023:08:14:22 +0000] "POST /users/login HTTP/1.1" 200 390
::1 - - [06/Jul/2023:08:14:22 +0000] "GET /index HTTP/1.1" 404 58
::1 - - [06/Jul/2023:08:14:50 +0000] "GET /login HTTP/1.1" 304 -
::1 - - [06/Jul/2023:08:14:57 +0000] "POST /users/login HTTP/1.1" 200 390
::1 - - [06/Jul/2023:08:14:57 +0000] "GET /index HTTP/1.1" 500 54
::1 - - [06/Jul/2023:08:16:37 +0000] "POST /users/login HTTP/1.1" 200 390
::1 - - [06/Jul/2023:08:16:37 +0000] "GET /index HTTP/1.1" 500 54
::1 - - [06/Jul/2023:08:16:39 +0000] "GET /login HTTP/1.1" 200 3896
::1 - - [06/Jul/2023:08:16:52 +0000] "GET /login HTTP/1.1" 304 -
::1 - - [06/Jul/2023:08:17:02 +0000] "POST /users/login HTTP/1.1" 200 390
::1 - - [06/Jul/2023:08:17:02 +0000] "GET /index HTTP/1.1" 500 54
::1 - - [06/Jul/2023:08:18:13 +0000] "GET /index HTTP/1.1" 500 54
::1 - - [06/Jul/2023:08:18:14 +0000] "POST /users/login HTTP/1.1" 200 390
::1 - - [06/Jul/2023:08:18:14 +0000] "GET /index HTTP/1.1" 500 54
::1 - - [06/Jul/2023:08:20:37 +0000] "POST /users/login HTTP/1.1" 200 390
::1 - - [06/Jul/2023:08:20:37 +0000] "GET /index HTTP/1.1" 500 54
::1 - - [06/Jul/2023:08:21:55 +0000] "POST /users/login HTTP/1.1" 200 390
::1 - - [06/Jul/2023:08:21:55 +0000] "GET /index HTTP/1.1" 500 54
::1 - - [06/Jul/2023:08:22:40 +0000] "GET /login HTTP/1.1" 200 4804
::1 - - [06/Jul/2023:08:22:48 +0000] "POST /users/login HTTP/1.1" 200 390
::1 - - [06/Jul/2023:08:22:48 +0000] "GET / HTTP/1.1" 404 53
::1 - - [06/Jul/2023:08:23:22 +0000] "GET / HTTP/1.1" 404 53
::1 - - [06/Jul/2023:08:24:14 +0000] "POST /users/login HTTP/1.1" 200 390
::1 - - [06/Jul/2023:08:24:14 +0000] "GET / HTTP/1.1" 404 53
::1 - - [06/Jul/2023:08:24:28 +0000] "GET /login HTTP/1.1" 200 4809
::1 - - [06/Jul/2023:08:24:38 +0000] "POST /users/login HTTP/1.1" 200 390
::1 - - [06/Jul/2023:08:24:38 +0000] "GET /index HTTP/1.1" 500 54
::1 - - [06/Jul/2023:08:25:02 +0000] "POST /users/login HTTP/1.1" 200 390
::1 - - [06/Jul/2023:08:25:02 +0000] "GET /index HTTP/1.1" 500 54
::1 - - [06/Jul/2023:08:25:06 +0000] "GET /login HTTP/1.1" 200 4806
::1 - - [06/Jul/2023:08:25:13 +0000] "POST /users/login HTTP/1.1" 200 390
::1 - - [06/Jul/2023:08:25:58 +0000] "GET /login HTTP/1.1" 200 4811
::1 - - [06/Jul/2023:08:26:06 +0000] "POST /users/login HTTP/1.1" 200 390
::1 - - [06/Jul/2023:08:26:33 +0000] "POST /users/login HTTP/1.1" 200 390
::1 - - [06/Jul/2023:08:26:35 +0000] "GET /login HTTP/1.1" 200 4757
::1 - - [06/Jul/2023:08:26:40 +0000] "POST /users/login HTTP/1.1" 200 390
::1 - - [06/Jul/2023:08:26:40 +0000] "GET / HTTP/1.1" 404 53
::1 - - [06/Jul/2023:08:27:38 +0000] "GET /login HTTP/1.1" 304 -
::1 - - [06/Jul/2023:08:27:44 +0000] "POST /users/login HTTP/1.1" 200 390
::1 - - [06/Jul/2023:08:27:44 +0000] "GET / HTTP/1.1" 404 53
::1 - - [06/Jul/2023:08:28:35 +0000] "GET /login HTTP/1.1" 304 -
::1 - - [06/Jul/2023:08:28:41 +0000] "POST /users/login HTTP/1.1" 200 390
::1 - - [06/Jul/2023:08:28:41 +0000] "GET / HTTP/1.1" 404 53
::1 - - [06/Jul/2023:08:29:27 +0000] "GET / HTTP/1.1" 404 53
::1 - - [06/Jul/2023:08:29:29 +0000] "GET /login HTTP/1.1" 304 -
::1 - - [06/Jul/2023:08:29:29 +0000] "GET /login HTTP/1.1" 304 -
::1 - - [06/Jul/2023:08:29:29 +0000] "GET /login HTTP/1.1" 304 -
::1 - - [06/Jul/2023:08:29:48 +0000] "GET /login HTTP/1.1" 200 4762
::1 - - [06/Jul/2023:08:29:54 +0000] "POST /users/login HTTP/1.1" 200 390
::1 - - [06/Jul/2023:08:29:54 +0000] "GET /index HTTP/1.1" 500 54
::1 - - [06/Jul/2023:08:31:23 +0000] "POST /users/login HTTP/1.1" 200 390
::1 - - [06/Jul/2023:08:31:23 +0000] "GET /index HTTP/1.1" 500 54
::1 - - [06/Jul/2023:08:31:30 +0000] "GET /index HTTP/1.1" 500 54
::1 - - [06/Jul/2023:08:31:32 +0000] "GET /login HTTP/1.1" 200 4815
::1 - - [06/Jul/2023:08:31:38 +0000] "POST /users/login HTTP/1.1" 200 390
::1 - - [06/Jul/2023:08:32:15 +0000] "GET /login HTTP/1.1" 200 4889
::1 - - [06/Jul/2023:08:32:20 +0000] "POST /users/login HTTP/1.1" 200 390
::1 - - [06/Jul/2023:08:32:27 +0000] "GET /login HTTP/1.1" 304 -
::1 - - [06/Jul/2023:08:32:34 +0000] "POST /users/login HTTP/1.1" 200 390
::1 - - [06/Jul/2023:08:35:21 +0000] "GET /login HTTP/1.1" 200 4951
::1 - - [06/Jul/2023:08:35:29 +0000] "POST /users/login HTTP/1.1" 200 390
::1 - - [06/Jul/2023:08:35:37 +0000] "GET /login HTTP/1.1" 200 4761
::1 - - [06/Jul/2023:08:37:02 +0000] "GET /login HTTP/1.1" 200 4951
::1 - - [06/Jul/2023:08:37:15 +0000] "POST /users/login HTTP/1.1" 200 390
::1 - - [06/Jul/2023:08:38:33 +0000] "GET /login HTTP/1.1" 200 5141
::1 - - [06/Jul/2023:08:38:40 +0000] "POST /users/login HTTP/1.1" 200 390
::1 - - [06/Jul/2023:08:38:40 +0000] "GET / HTTP/1.1" 404 53
::1 - - [06/Jul/2023:08:39:56 +0000] "GET /login HTTP/1.1" 200 5146
::1 - - [06/Jul/2023:08:40:03 +0000] "POST /users/login HTTP/1.1" 200 390
::1 - - [06/Jul/2023:08:40:03 +0000] "GET /index HTTP/1.1" 500 54
::1 - - [06/Jul/2023:08:42:11 +0000] "POST /users/login HTTP/1.1" 200 390
::1 - - [06/Jul/2023:08:42:11 +0000] "GET /index HTTP/1.1" 500 54
::1 - - [06/Jul/2023:08:42:14 +0000] "GET /login HTTP/1.1" 200 5134
::1 - - [06/Jul/2023:08:42:22 +0000] "POST /users/login HTTP/1.1" 200 390
::1 - - [06/Jul/2023:08:42:22 +0000] "GET /index HTTP/1.1" 500 54
::1 - - [06/Jul/2023:08:43:33 +0000] "GET /login HTTP/1.1" 200 4762
::1 - - [06/Jul/2023:08:43:40 +0000] "POST /users/login HTTP/1.1" 200 390
::1 - - [06/Jul/2023:08:43:40 +0000] "GET /index HTTP/1.1" 500 54
::1 - - [06/Jul/2023:08:48:20 +0000] "GET /login HTTP/1.1" 200 4761
::1 - - [06/Jul/2023:08:48:31 +0000] "POST /users/login HTTP/1.1" 200 390
::1 - - [06/Jul/2023:08:48:31 +0000] "GET /index HTTP/1.1" 500 54
::1 - - [06/Jul/2023:08:50:41 +0000] "GET /login HTTP/1.1" 304 -
::1 - - [06/Jul/2023:08:50:49 +0000] "POST /users/login HTTP/1.1" 200 390
::1 - - [06/Jul/2023:08:50:50 +0000] "GET /index HTTP/1.1" 500 54
::1 - - [06/Jul/2023:08:57:05 +0000] "GET /login HTTP/1.1" 200 3512
::1 - - [06/Jul/2023:08:57:11 +0000] "POST /users/login HTTP/1.1" 200 390
::1 - - [06/Jul/2023:08:57:11 +0000] "GET /index HTTP/1.1" 500 54
::1 - - [06/Jul/2023:08:58:00 +0000] "GET /login HTTP/1.1" 304 -
::1 - - [06/Jul/2023:08:58:09 +0000] "POST /users/login HTTP/1.1" 200 390
::1 - - [06/Jul/2023:08:58:09 +0000] "GET /index HTTP/1.1" 200 1983
::1 - - [06/Jul/2023:08:59:53 +0000] "GET /index HTTP/1.1" 200 2218
::1 - - [06/Jul/2023:08:59:55 +0000] "GET / HTTP/1.1" 404 53
::1 - - [06/Jul/2023:09:00:16 +0000] "GET / HTTP/1.1" 404 53
::1 - - [06/Jul/2023:09:00:35 +0000] "GET /index HTTP/1.1" 200 2223
::1 - - [06/Jul/2023:09:00:36 +0000] "GET /index HTTP/1.1" 304 -
::1 - - [06/Jul/2023:09:00:36 +0000] "GET /index HTTP/1.1" 304 -
::1 - - [06/Jul/2023:09:00:36 +0000] "GET /index HTTP/1.1" 304 -
::1 - - [06/Jul/2023:09:00:58 +0000] "GET /index HTTP/1.1" 200 2223
::1 - - [06/Jul/2023:09:00:59 +0000] "GET /index HTTP/1.1" 304 -
::1 - - [06/Jul/2023:09:01:03 +0000] "GET /index HTTP/1.1" 200 2221
::1 - - [06/Jul/2023:09:19:03 +0000] "GET /index HTTP/1.1" 304 -
::1 - - [06/Jul/2023:09:19:03 +0000] "GET /index HTTP/1.1" 304 -
::1 - - [06/Jul/2023:09:19:03 +0000] "GET /index HTTP/1.1" 304 -
::1 - - [06/Jul/2023:09:19:53 +0000] "GET /index HTTP/1.1" 200 2363
::1 - - [06/Jul/2023:09:20:33 +0000] "GET /login HTTP/1.1" 304 -
::1 - - [06/Jul/2023:09:20:38 +0000] "GET /index HTTP/1.1" 304 -
::1 - - [06/Jul/2023:09:20:38 +0000] "GET /login HTTP/1.1" 304 -
::1 - - [06/Jul/2023:09:22:05 +0000] "POST /users/login HTTP/1.1" 200 390
::1 - - [06/Jul/2023:09:22:05 +0000] "GET /index HTTP/1.1" 200 1991
::1 - - [06/Jul/2023:09:22:05 +0000] "GET /login HTTP/1.1" 304 -
::1 - - [06/Jul/2023:09:22:27 +0000] "POST /users/login HTTP/1.1" 200 390
::1 - - [06/Jul/2023:09:22:27 +0000] "GET /index HTTP/1.1" 200 2218
::1 - - [06/Jul/2023:09:22:27 +0000] "GET /login HTTP/1.1" 304 -
::1 - - [06/Jul/2023:09:22:35 +0000] "POST /users/login HTTP/1.1" 200 390
::1 - - [06/Jul/2023:09:22:35 +0000] "GET /index HTTP/1.1" 304 -
::1 - - [06/Jul/2023:09:22:35 +0000] "GET /login HTTP/1.1" 304 -
::1 - - [06/Jul/2023:09:22:52 +0000] "POST /users/login HTTP/1.1" 200 390
::1 - - [06/Jul/2023:09:22:52 +0000] "GET /index HTTP/1.1" 200 2223
::1 - - [06/Jul/2023:09:22:52 +0000] "GET /login HTTP/1.1" 304 -
::1 - - [06/Jul/2023:09:23:03 +0000] "POST /users/login HTTP/1.1" 200 390
::1 - - [06/Jul/2023:09:23:03 +0000] "GET /index HTTP/1.1" 200 2218
::1 - - [06/Jul/2023:09:23:03 +0000] "GET /login HTTP/1.1" 304 -
::ffff:127.0.0.1 - - [06/Jul/2023:19:44:09 +0000] "GET / HTTP/1.1" 404 53
::ffff:127.0.0.1 - - [06/Jul/2023:19:44:14 +0000] "GET /login HTTP/1.1" 200 3512
::ffff:127.0.0.1 - - [06/Jul/2023:19:44:14 +0000] "GET /favicon.ico HTTP/1.1" 404 64
::ffff:127.0.0.1 - - [06/Jul/2023:19:44:46 +0000] "POST /users/login HTTP/1.1" 200 390
::ffff:127.0.0.1 - - [06/Jul/2023:19:44:46 +0000] "GET /index HTTP/1.1" 200 2218
::ffff:127.0.0.1 - - [06/Jul/2023:19:44:46 +0000] "GET /login HTTP/1.1" 304 -
::ffff:127.0.0.1 - - [06/Jul/2023:19:45:08 +0000] "POST /users/login HTTP/1.1" 200 390
::ffff:127.0.0.1 - - [06/Jul/2023:19:45:08 +0000] "GET /index HTTP/1.1" 304 -
::ffff:127.0.0.1 - - [06/Jul/2023:19:45:08 +0000] "GET /login HTTP/1.1" 200 3514
::ffff:127.0.0.1 - - [06/Jul/2023:19:45:25 +0000] "POST /users/login HTTP/1.1" 200 390
::ffff:127.0.0.1 - - [06/Jul/2023:19:46:48 +0000] "GET /login HTTP/1.1" 200 3507
::ffff:127.0.0.1 - - [06/Jul/2023:19:46:54 +0000] "POST /users/login HTTP/1.1" 200 390
::ffff:127.0.0.1 - - [06/Jul/2023:19:47:00 +0000] "POST /users/login HTTP/1.1" 200 390
::ffff:127.0.0.1 - - [06/Jul/2023:19:47:01 +0000] "GET /login HTTP/1.1" 200 3505
::ffff:127.0.0.1 - - [06/Jul/2023:19:47:04 +0000] "POST /users/login HTTP/1.1" 200 390
::ffff:127.0.0.1 - - [06/Jul/2023:19:47:04 +0000] "GET /index HTTP/1.1" 304 -
::ffff:127.0.0.1 - - [06/Jul/2023:19:47:04 +0000] "GET /login HTTP/1.1" 304 -
::ffff:127.0.0.1 - - [06/Jul/2023:19:47:13 +0000] "GET /index HTTP/1.1" 304 -
::ffff:127.0.0.1 - - [06/Jul/2023:19:47:13 +0000] "GET /login HTTP/1.1" 304 -
::ffff:127.0.0.1 - - [06/Jul/2023:19:47:21 +0000] "POST /users/login HTTP/1.1" 200 390
::ffff:127.0.0.1 - - [06/Jul/2023:19:47:21 +0000] "GET /index HTTP/1.1" 304 -
::ffff:127.0.0.1 - - [06/Jul/2023:19:47:22 +0000] "GET /login HTTP/1.1" 304 -
::ffff:127.0.0.1 - - [06/Jul/2023:19:49:36 +0000] "GET /login HTTP/1.1" 304 -
::ffff:127.0.0.1 - - [06/Jul/2023:19:49:42 +0000] "POST /users/login HTTP/1.1" 200 390
::ffff:127.0.0.1 - - [06/Jul/2023:19:49:42 +0000] "GET /index HTTP/1.1" 200 2520
::ffff:127.0.0.1 - - [06/Jul/2023:20:03:01 +0000] "GET /index HTTP/1.1" 304 -
::ffff:127.0.0.1 - - [06/Jul/2023:20:03:03 +0000] "GET /login HTTP/1.1" 304 -
::ffff:127.0.0.1 - - [06/Jul/2023:20:03:05 +0000] "GET /index HTTP/1.1" 302 56
::ffff:127.0.0.1 - - [06/Jul/2023:20:03:05 +0000] "GET /login HTTP/1.1" 304 -
::ffff:127.0.0.1 - - [06/Jul/2023:20:03:12 +0000] "POST /users/login HTTP/1.1" 200 390
::ffff:127.0.0.1 - - [06/Jul/2023:20:03:12 +0000] "GET /index HTTP/1.1" 200 2520
::ffff:127.0.0.1 - - [06/Jul/2023:20:03:17 +0000] "GET /login HTTP/1.1" 304 -
::ffff:127.0.0.1 - - [06/Jul/2023:20:07:01 +0000] "GET /login HTTP/1.1" 200 3725
::ffff:127.0.0.1 - - [06/Jul/2023:20:07:03 +0000] "GET /index HTTP/1.1" 304 -
::ffff:127.0.0.1 - - [06/Jul/2023:20:07:04 +0000] "GET /index HTTP/1.1" 304 -
::ffff:127.0.0.1 - - [06/Jul/2023:20:07:05 +0000] "GET /login HTTP/1.1" 304 -
::ffff:127.0.0.1 - - [06/Jul/2023:20:07:41 +0000] "GET /index HTTP/1.1" 304 -
::ffff:127.0.0.1 - - [06/Jul/2023:20:07:47 +0000] "GET /login HTTP/1.1" 304 -
::ffff:127.0.0.1 - - [06/Jul/2023:20:08:57 +0000] "GET /login HTTP/1.1" 200 5048
::ffff:127.0.0.1 - - [06/Jul/2023:20:08:59 +0000] "GET /login HTTP/1.1" 200 5048
::ffff:127.0.0.1 - - [06/Jul/2023:20:09:35 +0000] "GET /login HTTP/1.1" 200 5371
::ffff:127.0.0.1 - - [06/Jul/2023:20:09:36 +0000] "GET /index HTTP/1.1" 304 -
::ffff:127.0.0.1 - - [06/Jul/2023:20:09:45 +0000] "GET /index HTTP/1.1" 304 -
::ffff:127.0.0.1 - - [06/Jul/2023:20:09:52 +0000] "GET /login HTTP/1.1" 200 5338
::ffff:127.0.0.1 - - [06/Jul/2023:20:09:52 +0000] "GET /index HTTP/1.1" 304 -
::ffff:127.0.0.1 - - [06/Jul/2023:20:12:20 +0000] "GET /login HTTP/1.1" 304 -
::ffff:127.0.0.1 - - [06/Jul/2023:20:12:22 +0000] "GET /index HTTP/1.1" 302 56
::ffff:127.0.0.1 - - [06/Jul/2023:20:12:22 +0000] "GET /login HTTP/1.1" 304 -
::ffff:127.0.0.1 - - [06/Jul/2023:20:13:04 +0000] "GET /signup HTTP/1.1" 200 7335
::ffff:127.0.0.1 - - [06/Jul/2023:20:13:06 +0000] "POST /users/login HTTP/1.1" 200 390
::ffff:127.0.0.1 - - [06/Jul/2023:20:13:06 +0000] "GET /index HTTP/1.1" 200 2520
::ffff:127.0.0.1 - - [06/Jul/2023:20:13:20 +0000] "GET /index HTTP/1.1" 304 -
::ffff:127.0.0.1 - - [06/Jul/2023:20:14:53 +0000] "GET /index HTTP/1.1" 200 2247
::ffff:127.0.0.1 - - [06/Jul/2023:20:16:19 +0000] "GET /login HTTP/1.1" 304 -
::ffff:127.0.0.1 - - [06/Jul/2023:20:16:47 +0000] "GET /login HTTP/1.1" 304 -
::ffff:127.0.0.1 - - [06/Jul/2023:20:16:55 +0000] "POST /users/login HTTP/1.1" 200 390
::ffff:127.0.0.1 - - [06/Jul/2023:20:16:55 +0000] "GET /index HTTP/1.1" 200 2491
::ffff:127.0.0.1 - - [06/Jul/2023:20:18:01 +0000] "GET /index HTTP/1.1" 200 2888
::ffff:127.0.0.1 - - [06/Jul/2023:20:18:03 +0000] "GET / HTTP/1.1" 404 53
::ffff:127.0.0.1 - - [06/Jul/2023:20:19:24 +0000] "GET /login HTTP/1.1" 304 -
::ffff:127.0.0.1 - - [06/Jul/2023:20:19:24 +0000] "GET /index HTTP/1.1" 304 -
::ffff:127.0.0.1 - - [06/Jul/2023:20:19:28 +0000] "GET /login HTTP/1.1" 304 -
::ffff:127.0.0.1 - - [06/Jul/2023:20:21:17 +0000] "GET /login HTTP/1.1" 200 5355
::ffff:127.0.0.1 - - [06/Jul/2023:20:21:21 +0000] "GET /signup HTTP/1.1" 304 -
::ffff:127.0.0.1 - - [06/Jul/2023:20:22:17 +0000] "GET /login HTTP/1.1" 200 5355
::ffff:127.0.0.1 - - [06/Jul/2023:20:22:21 +0000] "GET /signup HTTP/1.1" 304 -
::ffff:127.0.0.1 - - [06/Jul/2023:20:22:22 +0000] "GET /login HTTP/1.1" 304 -
::ffff:127.0.0.1 - - [06/Jul/2023:20:22:23 +0000] "GET /signup HTTP/1.1" 304 -
::ffff:127.0.0.1 - - [06/Jul/2023:20:22:25 +0000] "GET /login HTTP/1.1" 304 -
::ffff:127.0.0.1 - - [06/Jul/2023:20:23:02 +0000] "GET /login HTTP/1.1" 200 5356
::ffff:127.0.0.1 - - [06/Jul/2023:20:23:03 +0000] "GET /signup HTTP/1.1" 200 7333
::ffff:127.0.0.1 - - [06/Jul/2023:20:23:05 +0000] "GET /login HTTP/1.1" 304 -
::ffff:127.0.0.1 - - [06/Jul/2023:20:24:34 +0000] "POST /users/login HTTP/1.1" 200 390
::ffff:127.0.0.1 - - [06/Jul/2023:20:24:34 +0000] "GET /index HTTP/1.1" 304 -
::ffff:127.0.0.1 - - [06/Jul/2023:21:30:52 +0000] "GET /index HTTP/1.1" 302 56
::ffff:127.0.0.1 - - [06/Jul/2023:21:30:52 +0000] "GET /login HTTP/1.1" 304 -
::ffff:127.0.0.1 - - [06/Jul/2023:21:30:52 +0000] "GET /index HTTP/1.1" 302 56
::ffff:127.0.0.1 - - [06/Jul/2023:21:30:52 +0000] "GET /login HTTP/1.1" 304 -
::ffff:127.0.0.1 - - [06/Jul/2023:21:30:52 +0000] "GET /index HTTP/1.1" 302 56
::ffff:127.0.0.1 - - [06/Jul/2023:21:30:52 +0000] "GET /login HTTP/1.1" 304 -
::ffff:127.0.0.1 - - [06/Jul/2023:21:30:52 +0000] "GET /index HTTP/1.1" 302 56
::ffff:127.0.0.1 - - [06/Jul/2023:21:30:52 +0000] "GET /login HTTP/1.1" 304 -
::ffff:127.0.0.1 - - [06/Jul/2023:21:30:52 +0000] "GET /index HTTP/1.1" 302 56
::ffff:127.0.0.1 - - [06/Jul/2023:21:30:52 +0000] "GET /login HTTP/1.1" 304 -
::ffff:127.0.0.1 - - [06/Jul/2023:21:30:52 +0000] "GET /index HTTP/1.1" 302 56
::ffff:127.0.0.1 - - [06/Jul/2023:21:30:52 +0000] "GET /login HTTP/1.1" 304 -
::ffff:127.0.0.1 - - [06/Jul/2023:21:30:52 +0000] "GET /index HTTP/1.1" 302 56
::ffff:127.0.0.1 - - [06/Jul/2023:21:30:52 +0000] "GET /login HTTP/1.1" 304 -
::ffff:127.0.0.1 - - [06/Jul/2023:21:30:52 +0000] "GET /index HTTP/1.1" 302 56
::ffff:127.0.0.1 - - [06/Jul/2023:21:30:52 +0000] "GET /login HTTP/1.1" 304 -
::ffff:127.0.0.1 - - [06/Jul/2023:21:30:53 +0000] "GET /index HTTP/1.1" 302 56
::ffff:127.0.0.1 - - [06/Jul/2023:21:30:53 +0000] "GET /login HTTP/1.1" 304 -
::ffff:127.0.0.1 - - [06/Jul/2023:21:30:53 +0000] "GET /index HTTP/1.1" 302 56
::ffff:127.0.0.1 - - [06/Jul/2023:21:30:53 +0000] "GET /login HTTP/1.1" 304 -
::ffff:127.0.0.1 - - [06/Jul/2023:21:30:53 +0000] "GET /index HTTP/1.1" 302 56
::ffff:127.0.0.1 - - [06/Jul/2023:21:30:53 +0000] "GET /login HTTP/1.1" 304 -
::ffff:127.0.0.1 - - [06/Jul/2023:21:30:53 +0000] "GET /index HTTP/1.1" 302 56
::ffff:127.0.0.1 - - [06/Jul/2023:21:30:53 +0000] "GET /login HTTP/1.1" 304 -
::ffff:127.0.0.1 - - [06/Jul/2023:21:30:53 +0000] "GET /index HTTP/1.1" 302 56
::ffff:127.0.0.1 - - [06/Jul/2023:21:30:53 +0000] "GET /login HTTP/1.1" 304 -
::ffff:127.0.0.1 - - [06/Jul/2023:21:30:53 +0000] "GET /index HTTP/1.1" 302 56
::ffff:127.0.0.1 - - [06/Jul/2023:21:30:53 +0000] "GET /login HTTP/1.1" 304 -
::ffff:127.0.0.1 - - [06/Jul/2023:21:30:53 +0000] "GET /index HTTP/1.1" 302 56
::ffff:127.0.0.1 - - [06/Jul/2023:21:30:53 +0000] "GET /login HTTP/1.1" 304 -
::ffff:127.0.0.1 - - [06/Jul/2023:21:30:53 +0000] "GET /index HTTP/1.1" 302 56
::ffff:127.0.0.1 - - [06/Jul/2023:21:30:53 +0000] "GET /login HTTP/1.1" 304 -
::ffff:127.0.0.1 - - [06/Jul/2023:21:30:53 +0000] "GET /index HTTP/1.1" 302 56
::ffff:127.0.0.1 - - [06/Jul/2023:21:30:53 +0000] "GET /login HTTP/1.1" 304 -
::ffff:127.0.0.1 - - [06/Jul/2023:21:30:53 +0000] "GET /index HTTP/1.1" 302 56
::ffff:127.0.0.1 - - [06/Jul/2023:21:30:53 +0000] "GET /login HTTP/1.1" 304 -
::ffff:127.0.0.1 - - [06/Jul/2023:21:30:54 +0000] "GET /index HTTP/1.1" 302 56
::ffff:127.0.0.1 - - [06/Jul/2023:21:30:54 +0000] "GET /login HTTP/1.1" 304 -
::ffff:127.0.0.1 - - [06/Jul/2023:21:30:54 +0000] "GET /index HTTP/1.1" 302 56
::ffff:127.0.0.1 - - [06/Jul/2023:21:30:54 +0000] "GET /login HTTP/1.1" 304 -
::ffff:127.0.0.1 - - [06/Jul/2023:21:30:54 +0000] "GET /index HTTP/1.1" 302 56
::ffff:127.0.0.1 - - [06/Jul/2023:21:30:54 +0000] "GET /login HTTP/1.1" 304 -
::ffff:127.0.0.1 - - [06/Jul/2023:21:30:54 +0000] "GET /index HTTP/1.1" 302 56
::ffff:127.0.0.1 - - [06/Jul/2023:21:30:54 +0000] "GET /login HTTP/1.1" 304 -
::ffff:127.0.0.1 - - [06/Jul/2023:21:30:54 +0000] "GET /index HTTP/1.1" 302 56
::ffff:127.0.0.1 - - [06/Jul/2023:21:30:54 +0000] "GET /login HTTP/1.1" 304 -
::ffff:127.0.0.1 - - [06/Jul/2023:21:30:54 +0000] "GET /index HTTP/1.1" 302 56
::ffff:127.0.0.1 - - [06/Jul/2023:21:30:54 +0000] "GET /login HTTP/1.1" 304 -
::ffff:127.0.0.1 - - [06/Jul/2023:21:30:54 +0000] "GET /index HTTP/1.1" 302 56
::ffff:127.0.0.1 - - [06/Jul/2023:21:30:54 +0000] "GET /login HTTP/1.1" 304 -
::ffff:127.0.0.1 - - [06/Jul/2023:21:30:54 +0000] "GET /index HTTP/1.1" 302 56
::ffff:127.0.0.1 - - [06/Jul/2023:21:30:54 +0000] "GET /login HTTP/1.1" 304 -
::ffff:127.0.0.1 - - [06/Jul/2023:21:30:54 +0000] "GET /index HTTP/1.1" 302 56
::ffff:127.0.0.1 - - [06/Jul/2023:21:30:54 +0000] "GET /login HTTP/1.1" 304 -
::ffff:127.0.0.1 - - [06/Jul/2023:21:30:54 +0000] "GET /index HTTP/1.1" 302 56
::ffff:127.0.0.1 - - [06/Jul/2023:21:30:54 +0000] "GET /login HTTP/1.1" 304 -
::ffff:127.0.0.1 - - [06/Jul/2023:21:30:54 +0000] "GET /index HTTP/1.1" 302 56
::ffff:127.0.0.1 - - [06/Jul/2023:21:30:54 +0000] "GET /login HTTP/1.1" 304 -
::ffff:127.0.0.1 - - [06/Jul/2023:21:30:54 +0000] "GET /index HTTP/1.1" 302 56
::ffff:127.0.0.1 - - [06/Jul/2023:21:30:54 +0000] "GET /login HTTP/1.1" 304 -
::ffff:127.0.0.1 - - [06/Jul/2023:21:30:55 +0000] "GET /index HTTP/1.1" 302 56
::ffff:127.0.0.1 - - [06/Jul/2023:21:30:55 +0000] "GET /login HTTP/1.1" 304 -
::ffff:127.0.0.1 - - [06/Jul/2023:21:30:55 +0000] "GET /index HTTP/1.1" 302 56
::ffff:127.0.0.1 - - [06/Jul/2023:21:30:55 +0000] "GET /login HTTP/1.1" 304 -
::ffff:127.0.0.1 - - [06/Jul/2023:21:30:55 +0000] "GET /index HTTP/1.1" 302 56
::ffff:127.0.0.1 - - [06/Jul/2023:21:30:55 +0000] "GET /login HTTP/1.1" 304 -
::ffff:127.0.0.1 - - [06/Jul/2023:21:30:55 +0000] "GET /index HTTP/1.1" 302 56
::ffff:127.0.0.1 - - [06/Jul/2023:21:30:55 +0000] "GET /login HTTP/1.1" 304 -
::ffff:127.0.0.1 - - [06/Jul/2023:21:30:55 +0000] "GET /index HTTP/1.1" 302 56
::ffff:127.0.0.1 - - [06/Jul/2023:21:30:55 +0000] "GET /login HTTP/1.1" 304 -
::ffff:127.0.0.1 - - [06/Jul/2023:21:30:55 +0000] "GET /index HTTP/1.1" 302 56
::ffff:127.0.0.1 - - [06/Jul/2023:21:30:55 +0000] "GET /login HTTP/1.1" 304 -
::ffff:127.0.0.1 - - [06/Jul/2023:21:30:55 +0000] "GET /index HTTP/1.1" 302 56
::ffff:127.0.0.1 - - [06/Jul/2023:21:30:55 +0000] "GET /login HTTP/1.1" 304 -
::ffff:127.0.0.1 - - [06/Jul/2023:21:30:55 +0000] "GET /index HTTP/1.1" 302 56
::ffff:127.0.0.1 - - [06/Jul/2023:21:30:55 +0000] "GET /login HTTP/1.1" 304 -
::ffff:127.0.0.1 - - [06/Jul/2023:21:30:55 +0000] "GET /index HTTP/1.1" 302 56
::ffff:127.0.0.1 - - [06/Jul/2023:21:30:55 +0000] "GET /login HTTP/1.1" 304 -
::ffff:127.0.0.1 - - [06/Jul/2023:21:30:55 +0000] "GET /index HTTP/1.1" 302 56
::ffff:127.0.0.1 - - [06/Jul/2023:21:30:55 +0000] "GET /login HTTP/1.1" 304 -
::ffff:127.0.0.1 - - [06/Jul/2023:21:30:55 +0000] "GET /index HTTP/1.1" 302 56
::ffff:127.0.0.1 - - [06/Jul/2023:21:30:56 +0000] "GET /login HTTP/1.1" 304 -
::ffff:127.0.0.1 - - [06/Jul/2023:21:30:56 +0000] "GET /index HTTP/1.1" 302 56
::ffff:127.0.0.1 - - [06/Jul/2023:21:30:56 +0000] "GET /login HTTP/1.1" 304 -
::ffff:127.0.0.1 - - [06/Jul/2023:21:30:56 +0000] "GET /index HTTP/1.1" 302 56
::ffff:127.0.0.1 - - [06/Jul/2023:21:30:56 +0000] "GET /login HTTP/1.1" 304 -
::ffff:127.0.0.1 - - [06/Jul/2023:21:30:56 +0000] "GET /index HTTP/1.1" 302 56
::ffff:127.0.0.1 - - [06/Jul/2023:21:30:56 +0000] "GET /login HTTP/1.1" 304 -
::ffff:127.0.0.1 - - [06/Jul/2023:21:30:56 +0000] "GET /index HTTP/1.1" 302 56
::ffff:127.0.0.1 - - [06/Jul/2023:21:30:56 +0000] "GET /login HTTP/1.1" 304 -
::ffff:127.0.0.1 - - [06/Jul/2023:21:30:56 +0000] "GET /index HTTP/1.1" 302 56
::ffff:127.0.0.1 - - [06/Jul/2023:21:30:56 +0000] "GET /login HTTP/1.1" 304 -
::ffff:127.0.0.1 - - [06/Jul/2023:21:30:56 +0000] "GET /index HTTP/1.1" 302 56
::ffff:127.0.0.1 - - [06/Jul/2023:21:30:56 +0000] "GET /login HTTP/1.1" 304 -
::ffff:127.0.0.1 - - [06/Jul/2023:21:30:56 +0000] "GET /index HTTP/1.1" 302 56
::ffff:127.0.0.1 - - [06/Jul/2023:21:30:56 +0000] "GET /login HTTP/1.1" 304 -
::ffff:127.0.0.1 - - [06/Jul/2023:21:30:56 +0000] "GET /index HTTP/1.1" 302 56
::ffff:127.0.0.1 - - [06/Jul/2023:21:30:56 +0000] "GET /login HTTP/1.1" 304 -
::ffff:127.0.0.1 - - [06/Jul/2023:21:30:56 +0000] "GET /index HTTP/1.1" 302 56
::ffff:127.0.0.1 - - [06/Jul/2023:21:30:56 +0000] "GET /login HTTP/1.1" 304 -
::ffff:127.0.0.1 - - [06/Jul/2023:21:30:57 +0000] "GET /index HTTP/1.1" 302 56
::ffff:127.0.0.1 - - [06/Jul/2023:21:30:57 +0000] "GET /login HTTP/1.1" 304 -
::ffff:127.0.0.1 - - [06/Jul/2023:21:30:57 +0000] "GET /index HTTP/1.1" 302 56
::ffff:127.0.0.1 - - [06/Jul/2023:21:30:57 +0000] "GET /login HTTP/1.1" 304 -
::ffff:127.0.0.1 - - [06/Jul/2023:21:30:57 +0000] "GET /index HTTP/1.1" 302 56
::ffff:127.0.0.1 - - [06/Jul/2023:21:30:57 +0000] "GET /login HTTP/1.1" 304 -
::ffff:127.0.0.1 - - [06/Jul/2023:21:30:57 +0000] "GET /index HTTP/1.1" 302 56
::ffff:127.0.0.1 - - [06/Jul/2023:21:30:57 +0000] "GET /login HTTP/1.1" 304 -
::ffff:127.0.0.1 - - [06/Jul/2023:21:30:57 +0000] "GET /index HTTP/1.1" 302 56
::ffff:127.0.0.1 - - [06/Jul/2023:21:30:57 +0000] "GET /login HTTP/1.1" 304 -
::ffff:127.0.0.1 - - [06/Jul/2023:21:30:57 +0000] "GET /index HTTP/1.1" 302 56
::ffff:127.0.0.1 - - [06/Jul/2023:21:30:57 +0000] "GET /login HTTP/1.1" 304 -
::ffff:127.0.0.1 - - [06/Jul/2023:21:30:58 +0000] "GET /index HTTP/1.1" 302 56
::ffff:127.0.0.1 - - [06/Jul/2023:21:30:58 +0000] "GET /login HTTP/1.1" 304 -
::ffff:127.0.0.1 - - [06/Jul/2023:21:30:58 +0000] "GET /index HTTP/1.1" 302 56
::ffff:127.0.0.1 - - [06/Jul/2023:21:30:58 +0000] "GET /login HTTP/1.1" 304 -
::ffff:127.0.0.1 - - [06/Jul/2023:21:30:58 +0000] "GET /index HTTP/1.1" 302 56
::ffff:127.0.0.1 - - [06/Jul/2023:21:30:58 +0000] "GET /login HTTP/1.1" 304 -
::ffff:127.0.0.1 - - [06/Jul/2023:21:30:58 +0000] "GET /index HTTP/1.1" 302 56
::ffff:127.0.0.1 - - [06/Jul/2023:21:30:58 +0000] "GET /login HTTP/1.1" 304 -
::ffff:127.0.0.1 - - [06/Jul/2023:21:30:58 +0000] "GET /index HTTP/1.1" 302 56
::ffff:127.0.0.1 - - [06/Jul/2023:21:30:58 +0000] "GET /login HTTP/1.1" 304 -
::ffff:127.0.0.1 - - [06/Jul/2023:21:30:58 +0000] "GET /index HTTP/1.1" 302 56
::ffff:127.0.0.1 - - [06/Jul/2023:21:30:58 +0000] "GET /login HTTP/1.1" 304 -
::ffff:127.0.0.1 - - [06/Jul/2023:21:30:58 +0000] "GET /index HTTP/1.1" 302 56
::ffff:127.0.0.1 - - [06/Jul/2023:21:30:58 +0000] "GET /login HTTP/1.1" 304 -
::ffff:127.0.0.1 - - [06/Jul/2023:21:30:58 +0000] "GET /index HTTP/1.1" 302 56
::ffff:127.0.0.1 - - [06/Jul/2023:21:30:58 +0000] "GET /login HTTP/1.1" 304 -
::ffff:127.0.0.1 - - [06/Jul/2023:21:30:59 +0000] "GET /index HTTP/1.1" 302 56
::ffff:127.0.0.1 - - [06/Jul/2023:21:30:59 +0000] "GET /login HTTP/1.1" 304 -
::ffff:127.0.0.1 - - [06/Jul/2023:21:30:59 +0000] "GET /index HTTP/1.1" 302 56
::ffff:127.0.0.1 - - [06/Jul/2023:21:30:59 +0000] "GET /login HTTP/1.1" 304 -
::ffff:127.0.0.1 - - [06/Jul/2023:21:30:59 +0000] "GET /login HTTP/1.1" 304 -
::ffff:127.0.0.1 - - [06/Jul/2023:21:30:59 +0000] "GET /index HTTP/1.1" 302 56
::ffff:127.0.0.1 - - [06/Jul/2023:21:30:59 +0000] "GET /login HTTP/1.1" 304 -
::ffff:127.0.0.1 - - [06/Jul/2023:21:30:59 +0000] "GET /index HTTP/1.1" 302 56
::ffff:127.0.0.1 - - [06/Jul/2023:21:30:59 +0000] "GET /login HTTP/1.1" 304 -
::ffff:127.0.0.1 - - [06/Jul/2023:21:30:59 +0000] "GET /index HTTP/1.1" 302 56
::ffff:127.0.0.1 - - [06/Jul/2023:21:30:59 +0000] "GET /login HTTP/1.1" 304 -
::ffff:127.0.0.1 - - [06/Jul/2023:21:31:00 +0000] "GET /index HTTP/1.1" 302 56
::ffff:127.0.0.1 - - [06/Jul/2023:21:31:00 +0000] "GET /login HTTP/1.1" 304 -
::ffff:127.0.0.1 - - [06/Jul/2023:21:31:00 +0000] "GET /index HTTP/1.1" 302 56
::ffff:127.0.0.1 - - [06/Jul/2023:21:31:00 +0000] "GET /login HTTP/1.1" 304 -
::ffff:127.0.0.1 - - [06/Jul/2023:21:31:00 +0000] "GET /index HTTP/1.1" 302 56
::ffff:127.0.0.1 - - [06/Jul/2023:21:31:00 +0000] "GET /login HTTP/1.1" 304 -
::ffff:127.0.0.1 - - [06/Jul/2023:21:31:02 +0000] "GET /login HTTP/1.1" 304 -
::ffff:127.0.0.1 - - [06/Jul/2023:21:31:03 +0000] "GET /index HTTP/1.1" 302 56
::ffff:127.0.0.1 - - [06/Jul/2023:21:31:03 +0000] "GET /login HTTP/1.1" 304 -
::ffff:127.0.0.1 - - [06/Jul/2023:21:31:03 +0000] "GET /index HTTP/1.1" 302 56
::ffff:127.0.0.1 - - [06/Jul/2023:21:31:03 +0000] "GET /login HTTP/1.1" 304 -
::ffff:127.0.0.1 - - [06/Jul/2023:21:31:03 +0000] "GET /index HTTP/1.1" 302 56
::ffff:127.0.0.1 - - [06/Jul/2023:21:31:03 +0000] "GET /login HTTP/1.1" 304 -
::ffff:127.0.0.1 - - [06/Jul/2023:21:31:03 +0000] "GET /index HTTP/1.1" 302 56
::ffff:127.0.0.1 - - [06/Jul/2023:21:31:03 +0000] "GET /login HTTP/1.1" 304 -
::ffff:127.0.0.1 - - [06/Jul/2023:21:31:03 +0000] "GET /index HTTP/1.1" 302 56
::ffff:127.0.0.1 - - [06/Jul/2023:21:31:03 +0000] "GET /login HTTP/1.1" 304 -
::ffff:127.0.0.1 - - [06/Jul/2023:21:31:03 +0000] "GET /index HTTP/1.1" 302 56
::ffff:127.0.0.1 - - [06/Jul/2023:21:31:03 +0000] "GET /login HTTP/1.1" 304 -
::ffff:127.0.0.1 - - [06/Jul/2023:21:31:03 +0000] "GET /index HTTP/1.1" 302 56
::ffff:127.0.0.1 - - [06/Jul/2023:21:31:03 +0000] "GET /login HTTP/1.1" 304 -
::ffff:127.0.0.1 - - [06/Jul/2023:21:31:03 +0000] "GET /index HTTP/1.1" 302 56
::ffff:127.0.0.1 - - [06/Jul/2023:21:31:03 +0000] "GET /login HTTP/1.1" 304 -
::ffff:127.0.0.1 - - [06/Jul/2023:21:31:03 +0000] "GET /index HTTP/1.1" 302 56
::ffff:127.0.0.1 - - [06/Jul/2023:21:31:03 +0000] "GET /login HTTP/1.1" 304 -
::ffff:127.0.0.1 - - [06/Jul/2023:21:31:03 +0000] "GET /index HTTP/1.1" 302 56
::ffff:127.0.0.1 - - [06/Jul/2023:21:31:03 +0000] "GET /login HTTP/1.1" 304 -
::ffff:127.0.0.1 - - [06/Jul/2023:21:31:03 +0000] "GET /index HTTP/1.1" 302 56
::ffff:127.0.0.1 - - [06/Jul/2023:21:31:03 +0000] "GET /login HTTP/1.1" 304 -
::ffff:127.0.0.1 - - [06/Jul/2023:21:31:04 +0000] "GET /index HTTP/1.1" 302 56
::ffff:127.0.0.1 - - [06/Jul/2023:21:31:04 +0000] "GET /login HTTP/1.1" 304 -
::ffff:127.0.0.1 - - [06/Jul/2023:21:31:04 +0000] "GET /index HTTP/1.1" 302 56
::ffff:127.0.0.1 - - [06/Jul/2023:21:31:04 +0000] "GET /login HTTP/1.1" 304 -
::ffff:127.0.0.1 - - [06/Jul/2023:21:31:04 +0000] "GET /index HTTP/1.1" 302 56
::ffff:127.0.0.1 - - [06/Jul/2023:21:31:04 +0000] "GET /login HTTP/1.1" 304 -
::ffff:127.0.0.1 - - [06/Jul/2023:21:31:04 +0000] "GET /index HTTP/1.1" 302 56
::ffff:127.0.0.1 - - [06/Jul/2023:21:31:04 +0000] "GET /login HTTP/1.1" 304 -
::ffff:127.0.0.1 - - [06/Jul/2023:21:31:04 +0000] "GET /index HTTP/1.1" 302 56
::ffff:127.0.0.1 - - [06/Jul/2023:21:31:04 +0000] "GET /login HTTP/1.1" 304 -
::ffff:127.0.0.1 - - [06/Jul/2023:21:31:04 +0000] "GET /index HTTP/1.1" 302 56
::ffff:127.0.0.1 - - [06/Jul/2023:21:31:04 +0000] "GET /login HTTP/1.1" 304 -
::ffff:127.0.0.1 - - [06/Jul/2023:21:31:04 +0000] "GET /index HTTP/1.1" 302 56
::ffff:127.0.0.1 - - [06/Jul/2023:21:31:04 +0000] "GET /login HTTP/1.1" 304 -
::ffff:127.0.0.1 - - [06/Jul/2023:21:31:05 +0000] "GET /index HTTP/1.1" 302 56
::ffff:127.0.0.1 - - [06/Jul/2023:21:31:05 +0000] "GET /login HTTP/1.1" 304 -
::ffff:127.0.0.1 - - [06/Jul/2023:21:31:05 +0000] "GET /index HTTP/1.1" 302 56
::ffff:127.0.0.1 - - [06/Jul/2023:21:31:05 +0000] "GET /login HTTP/1.1" 304 -
::ffff:127.0.0.1 - - [06/Jul/2023:21:31:05 +0000] "GET /index HTTP/1.1" 302 56
::ffff:127.0.0.1 - - [06/Jul/2023:21:31:05 +0000] "GET /login HTTP/1.1" 304 -
::ffff:127.0.0.1 - - [06/Jul/2023:21:31:05 +0000] "GET /index HTTP/1.1" 302 56
::ffff:127.0.0.1 - - [06/Jul/2023:21:31:05 +0000] "GET /login HTTP/1.1" 304 -
::ffff:127.0.0.1 - - [06/Jul/2023:21:31:05 +0000] "GET /index HTTP/1.1" 302 56
::ffff:127.0.0.1 - - [06/Jul/2023:21:31:05 +0000] "GET /login HTTP/1.1" 304 -
::ffff:127.0.0.1 - - [06/Jul/2023:21:31:06 +0000] "GET /index HTTP/1.1" 302 56
::ffff:127.0.0.1 - - [06/Jul/2023:21:31:06 +0000] "GET /login HTTP/1.1" 304 -
::ffff:127.0.0.1 - - [06/Jul/2023:21:31:06 +0000] "GET /index HTTP/1.1" 302 56
::ffff:127.0.0.1 - - [06/Jul/2023:21:31:06 +0000] "GET /login HTTP/1.1" 304 -
::ffff:127.0.0.1 - - [06/Jul/2023:21:31:06 +0000] "GET /index HTTP/1.1" 302 56
::ffff:127.0.0.1 - - [06/Jul/2023:21:31:06 +0000] "GET /login HTTP/1.1" 304 -
::ffff:127.0.0.1 - - [06/Jul/2023:21:31:06 +0000] "GET /index HTTP/1.1" 302 56
::ffff:127.0.0.1 - - [06/Jul/2023:21:31:06 +0000] "GET /login HTTP/1.1" 304 -
::ffff:127.0.0.1 - - [06/Jul/2023:21:31:06 +0000] "GET /index HTTP/1.1" 302 56
::ffff:127.0.0.1 - - [06/Jul/2023:21:31:06 +0000] "GET /login HTTP/1.1" 304 -
::ffff:127.0.0.1 - - [06/Jul/2023:21:31:07 +0000] "GET /index HTTP/1.1" 302 56
::ffff:127.0.0.1 - - [06/Jul/2023:21:31:07 +0000] "GET /login HTTP/1.1" 304 -
::ffff:127.0.0.1 - - [06/Jul/2023:21:31:07 +0000] "GET /index HTTP/1.1" 302 56
::ffff:127.0.0.1 - - [06/Jul/2023:21:31:07 +0000] "GET /login HTTP/1.1" 304 -
::ffff:127.0.0.1 - - [06/Jul/2023:21:31:07 +0000] "GET /index HTTP/1.1" 302 56
::ffff:127.0.0.1 - - [06/Jul/2023:21:31:07 +0000] "GET /login HTTP/1.1" 304 -
::ffff:127.0.0.1 - - [06/Jul/2023:21:31:07 +0000] "GET /index HTTP/1.1" 302 56
::ffff:127.0.0.1 - - [06/Jul/2023:21:31:07 +0000] "GET /login HTTP/1.1" 304 -
::ffff:127.0.0.1 - - [06/Jul/2023:21:31:07 +0000] "GET /index HTTP/1.1" 302 56
::ffff:127.0.0.1 - - [06/Jul/2023:21:31:07 +0000] "GET /login HTTP/1.1" 304 -
::ffff:127.0.0.1 - - [06/Jul/2023:21:31:07 +0000] "GET /index HTTP/1.1" 302 56
::ffff:127.0.0.1 - - [06/Jul/2023:21:31:07 +0000] "GET /login HTTP/1.1" 304 -
::ffff:127.0.0.1 - - [06/Jul/2023:21:31:07 +0000] "GET /index HTTP/1.1" 302 56
::ffff:127.0.0.1 - - [06/Jul/2023:21:31:07 +0000] "GET /login HTTP/1.1" 304 -
::ffff:127.0.0.1 - - [06/Jul/2023:21:31:07 +0000] "GET /index HTTP/1.1" 302 56
::ffff:127.0.0.1 - - [06/Jul/2023:21:31:07 +0000] "GET /login HTTP/1.1" 304 -
::ffff:127.0.0.1 - - [06/Jul/2023:21:31:07 +0000] "GET /index HTTP/1.1" 302 56
::ffff:127.0.0.1 - - [06/Jul/2023:21:31:07 +0000] "GET /login HTTP/1.1" 304 -
::ffff:127.0.0.1 - - [06/Jul/2023:21:31:07 +0000] "GET /index HTTP/1.1" 302 56
::ffff:127.0.0.1 - - [06/Jul/2023:21:31:07 +0000] "GET /login HTTP/1.1" 304 -
::ffff:127.0.0.1 - - [06/Jul/2023:21:31:07 +0000] "GET /index HTTP/1.1" 302 56
::ffff:127.0.0.1 - - [06/Jul/2023:21:31:07 +0000] "GET /login HTTP/1.1" 304 -
::ffff:127.0.0.1 - - [06/Jul/2023:21:31:07 +0000] "GET /index HTTP/1.1" 302 56
::ffff:127.0.0.1 - - [06/Jul/2023:21:31:07 +0000] "GET /login HTTP/1.1" 304 -
::ffff:127.0.0.1 - - [06/Jul/2023:21:31:08 +0000] "GET /index HTTP/1.1" 302 56
::ffff:127.0.0.1 - - [06/Jul/2023:21:31:08 +0000] "GET /login HTTP/1.1" 304 -
::ffff:127.0.0.1 - - [06/Jul/2023:21:31:08 +0000] "GET /index HTTP/1.1" 302 56
::ffff:127.0.0.1 - - [06/Jul/2023:21:31:08 +0000] "GET /login HTTP/1.1" 304 -
::ffff:127.0.0.1 - - [06/Jul/2023:21:31:08 +0000] "GET /index HTTP/1.1" 302 56
::ffff:127.0.0.1 - - [06/Jul/2023:21:31:08 +0000] "GET /login HTTP/1.1" 304 -
::ffff:127.0.0.1 - - [06/Jul/2023:21:31:08 +0000] "GET /index HTTP/1.1" 302 56
::ffff:127.0.0.1 - - [06/Jul/2023:21:31:08 +0000] "GET /login HTTP/1.1" 304 -
::ffff:127.0.0.1 - - [06/Jul/2023:21:31:08 +0000] "GET /index HTTP/1.1" 302 56
::ffff:127.0.0.1 - - [06/Jul/2023:21:31:08 +0000] "GET /login HTTP/1.1" 304 -
::ffff:127.0.0.1 - - [06/Jul/2023:21:31:08 +0000] "GET /index HTTP/1.1" 302 56
::ffff:127.0.0.1 - - [06/Jul/2023:21:31:08 +0000] "GET /login HTTP/1.1" 304 -
::ffff:127.0.0.1 - - [06/Jul/2023:21:31:08 +0000] "GET /index HTTP/1.1" 302 56
::ffff:127.0.0.1 - - [06/Jul/2023:21:31:08 +0000] "GET /login HTTP/1.1" 304 -
::ffff:127.0.0.1 - - [06/Jul/2023:21:31:08 +0000] "GET /index HTTP/1.1" 302 56
::ffff:127.0.0.1 - - [06/Jul/2023:21:31:08 +0000] "GET /login HTTP/1.1" 304 -
::ffff:127.0.0.1 - - [06/Jul/2023:21:31:08 +0000] "GET /index HTTP/1.1" 302 56
::ffff:127.0.0.1 - - [06/Jul/2023:21:31:08 +0000] "GET /login HTTP/1.1" 304 -
::ffff:127.0.0.1 - - [06/Jul/2023:21:31:08 +0000] "GET /index HTTP/1.1" 302 56
::ffff:127.0.0.1 - - [06/Jul/2023:21:31:08 +0000] "GET /login HTTP/1.1" 304 -
::ffff:127.0.0.1 - - [06/Jul/2023:21:31:08 +0000] "GET /index HTTP/1.1" 302 56
::ffff:127.0.0.1 - - [06/Jul/2023:21:31:08 +0000] "GET /login HTTP/1.1" 304 -
::ffff:127.0.0.1 - - [06/Jul/2023:21:31:09 +0000] "GET /index HTTP/1.1" 302 56
::ffff:127.0.0.1 - - [06/Jul/2023:21:31:09 +0000] "GET /login HTTP/1.1" 304 -
::ffff:127.0.0.1 - - [06/Jul/2023:21:31:09 +0000] "GET /index HTTP/1.1" 302 56
::ffff:127.0.0.1 - - [06/Jul/2023:21:31:09 +0000] "GET /login HTTP/1.1" 304 -
::ffff:127.0.0.1 - - [06/Jul/2023:21:31:09 +0000] "GET /index HTTP/1.1" 302 56
::ffff:127.0.0.1 - - [06/Jul/2023:21:31:09 +0000] "GET /login HTTP/1.1" 304 -
::ffff:127.0.0.1 - - [06/Jul/2023:21:31:09 +0000] "GET /index HTTP/1.1" 302 56
::ffff:127.0.0.1 - - [06/Jul/2023:21:31:09 +0000] "GET /login HTTP/1.1" 304 -
::ffff:127.0.0.1 - - [06/Jul/2023:21:31:09 +0000] "GET /index HTTP/1.1" 302 56
::ffff:127.0.0.1 - - [06/Jul/2023:21:31:09 +0000] "GET /login HTTP/1.1" 304 -
::ffff:127.0.0.1 - - [06/Jul/2023:21:31:09 +0000] "GET /index HTTP/1.1" 302 56
::ffff:127.0.0.1 - - [06/Jul/2023:21:31:09 +0000] "GET /login HTTP/1.1" 304 -
::ffff:127.0.0.1 - - [06/Jul/2023:21:31:09 +0000] "GET /index HTTP/1.1" 302 56
::ffff:127.0.0.1 - - [06/Jul/2023:21:31:09 +0000] "GET /login HTTP/1.1" 304 -
::ffff:127.0.0.1 - - [06/Jul/2023:21:31:09 +0000] "GET /index HTTP/1.1" 302 56
::ffff:127.0.0.1 - - [06/Jul/2023:21:31:09 +0000] "GET /login HTTP/1.1" 304 -
::ffff:127.0.0.1 - - [06/Jul/2023:21:31:09 +0000] "GET /index HTTP/1.1" 302 56
::ffff:127.0.0.1 - - [06/Jul/2023:21:31:09 +0000] "GET /login HTTP/1.1" 304 -
::ffff:127.0.0.1 - - [06/Jul/2023:21:31:09 +0000] "GET /index HTTP/1.1" 302 56
::ffff:127.0.0.1 - - [06/Jul/2023:21:31:09 +0000] "GET /login HTTP/1.1" 304 -
::ffff:127.0.0.1 - - [06/Jul/2023:21:31:09 +0000] "GET /index HTTP/1.1" 302 56
::ffff:127.0.0.1 - - [06/Jul/2023:21:31:09 +0000] "GET /login HTTP/1.1" 304 -
::ffff:127.0.0.1 - - [06/Jul/2023:21:31:10 +0000] "GET /index HTTP/1.1" 302 56
::ffff:127.0.0.1 - - [06/Jul/2023:21:31:10 +0000] "GET /login HTTP/1.1" 304 -
::ffff:127.0.0.1 - - [06/Jul/2023:21:31:10 +0000] "GET /index HTTP/1.1" 302 56
::ffff:127.0.0.1 - - [06/Jul/2023:21:31:10 +0000] "GET /login HTTP/1.1" 304 -
::ffff:127.0.0.1 - - [06/Jul/2023:21:31:10 +0000] "GET /index HTTP/1.1" 302 56
::ffff:127.0.0.1 - - [06/Jul/2023:21:31:10 +0000] "GET /login HTTP/1.1" 304 -
::ffff:127.0.0.1 - - [06/Jul/2023:21:31:10 +0000] "GET /index HTTP/1.1" 302 56
::ffff:127.0.0.1 - - [06/Jul/2023:21:31:10 +0000] "GET /login HTTP/1.1" 304 -
::ffff:127.0.0.1 - - [06/Jul/2023:21:31:10 +0000] "GET /index HTTP/1.1" 302 56
::ffff:127.0.0.1 - - [06/Jul/2023:21:31:10 +0000] "GET /login HTTP/1.1" 304 -
::ffff:127.0.0.1 - - [06/Jul/2023:21:31:10 +0000] "GET /index HTTP/1.1" 302 56
::ffff:127.0.0.1 - - [06/Jul/2023:21:31:10 +0000] "GET /login HTTP/1.1" 304 -
::ffff:127.0.0.1 - - [06/Jul/2023:21:31:10 +0000] "GET /index HTTP/1.1" 302 56
::ffff:127.0.0.1 - - [06/Jul/2023:21:31:10 +0000] "GET /login HTTP/1.1" 304 -
::ffff:127.0.0.1 - - [06/Jul/2023:21:31:10 +0000] "GET /index HTTP/1.1" 302 56
::ffff:127.0.0.1 - - [06/Jul/2023:21:31:10 +0000] "GET /login HTTP/1.1" 304 -
::ffff:127.0.0.1 - - [06/Jul/2023:21:31:10 +0000] "GET /index HTTP/1.1" 302 56
::ffff:127.0.0.1 - - [06/Jul/2023:21:31:10 +0000] "GET /login HTTP/1.1" 304 -
::ffff:127.0.0.1 - - [06/Jul/2023:21:31:10 +0000] "GET /index HTTP/1.1" 302 56
::ffff:127.0.0.1 - - [06/Jul/2023:21:31:10 +0000] "GET /login HTTP/1.1" 304 -
::ffff:127.0.0.1 - - [06/Jul/2023:21:31:11 +0000] "GET /index HTTP/1.1" 302 56
::ffff:127.0.0.1 - - [06/Jul/2023:21:31:11 +0000] "GET /login HTTP/1.1" 304 -
::ffff:127.0.0.1 - - [06/Jul/2023:21:31:13 +0000] "GET /login HTTP/1.1" 304 -
::ffff:127.0.0.1 - - [06/Jul/2023:21:31:13 +0000] "GET /index HTTP/1.1" 302 56
::ffff:127.0.0.1 - - [06/Jul/2023:21:31:13 +0000] "GET /login HTTP/1.1" 304 -
::ffff:127.0.0.1 - - [06/Jul/2023:21:31:14 +0000] "GET /index HTTP/1.1" 302 56
::ffff:127.0.0.1 - - [06/Jul/2023:21:31:14 +0000] "GET /login HTTP/1.1" 304 -
::ffff:127.0.0.1 - - [06/Jul/2023:21:31:14 +0000] "GET /index HTTP/1.1" 302 56
::ffff:127.0.0.1 - - [06/Jul/2023:21:31:14 +0000] "GET /login HTTP/1.1" 304 -
::ffff:127.0.0.1 - - [06/Jul/2023:21:31:14 +0000] "GET /index HTTP/1.1" 302 56
::ffff:127.0.0.1 - - [06/Jul/2023:21:31:14 +0000] "GET /login HTTP/1.1" 304 -
::ffff:127.0.0.1 - - [06/Jul/2023:21:31:14 +0000] "GET /index HTTP/1.1" 302 56
::ffff:127.0.0.1 - - [06/Jul/2023:21:31:14 +0000] "GET /login HTTP/1.1" 304 -
::ffff:127.0.0.1 - - [06/Jul/2023:21:31:14 +0000] "GET /index HTTP/1.1" 302 56
::ffff:127.0.0.1 - - [06/Jul/2023:21:31:14 +0000] "GET /login HTTP/1.1" 304 -
::ffff:127.0.0.1 - - [06/Jul/2023:21:31:14 +0000] "GET /index HTTP/1.1" 302 56
::ffff:127.0.0.1 - - [06/Jul/2023:21:31:14 +0000] "GET /login HTTP/1.1" 304 -
::ffff:127.0.0.1 - - [06/Jul/2023:21:31:14 +0000] "GET /index HTTP/1.1" 302 56
::ffff:127.0.0.1 - - [06/Jul/2023:21:31:14 +0000] "GET /login HTTP/1.1" 304 -
::ffff:127.0.0.1 - - [06/Jul/2023:21:31:14 +0000] "GET /index HTTP/1.1" 302 56
::ffff:127.0.0.1 - - [06/Jul/2023:21:31:14 +0000] "GET /login HTTP/1.1" 304 -
::ffff:127.0.0.1 - - [06/Jul/2023:21:31:14 +0000] "GET /index HTTP/1.1" 302 56
::ffff:127.0.0.1 - - [06/Jul/2023:21:31:14 +0000] "GET /login HTTP/1.1" 304 -
::ffff:127.0.0.1 - - [06/Jul/2023:21:31:14 +0000] "GET /index HTTP/1.1" 302 56
::ffff:127.0.0.1 - - [06/Jul/2023:21:31:14 +0000] "GET /login HTTP/1.1" 304 -
::ffff:127.0.0.1 - - [06/Jul/2023:21:31:14 +0000] "GET /index HTTP/1.1" 302 56
::ffff:127.0.0.1 - - [06/Jul/2023:21:31:14 +0000] "GET /login HTTP/1.1" 304 -
::ffff:127.0.0.1 - - [06/Jul/2023:21:31:14 +0000] "GET /index HTTP/1.1" 302 56
::ffff:127.0.0.1 - - [06/Jul/2023:21:31:14 +0000] "GET /login HTTP/1.1" 304 -
::ffff:127.0.0.1 - - [06/Jul/2023:21:31:15 +0000] "GET /index HTTP/1.1" 302 56
::ffff:127.0.0.1 - - [06/Jul/2023:21:31:15 +0000] "GET /login HTTP/1.1" 304 -
::ffff:127.0.0.1 - - [06/Jul/2023:21:31:15 +0000] "GET /index HTTP/1.1" 302 56
::ffff:127.0.0.1 - - [06/Jul/2023:21:31:15 +0000] "GET /login HTTP/1.1" 304 -
::ffff:127.0.0.1 - - [06/Jul/2023:21:31:15 +0000] "GET /index HTTP/1.1" 302 56
::ffff:127.0.0.1 - - [06/Jul/2023:21:31:15 +0000] "GET /login HTTP/1.1" 304 -
::ffff:127.0.0.1 - - [06/Jul/2023:21:31:15 +0000] "GET /index HTTP/1.1" 302 56
::ffff:127.0.0.1 - - [06/Jul/2023:21:31:15 +0000] "GET /login HTTP/1.1" 304 -
::ffff:127.0.0.1 - - [06/Jul/2023:21:31:15 +0000] "GET /index HTTP/1.1" 302 56
::ffff:127.0.0.1 - - [06/Jul/2023:21:31:15 +0000] "GET /login HTTP/1.1" 304 -
::ffff:127.0.0.1 - - [06/Jul/2023:21:31:15 +0000] "GET /index HTTP/1.1" 302 56
::ffff:127.0.0.1 - - [06/Jul/2023:21:31:15 +0000] "GET /login HTTP/1.1" 304 -
::ffff:127.0.0.1 - - [06/Jul/2023:21:31:15 +0000] "GET /index HTTP/1.1" 302 56
::ffff:127.0.0.1 - - [06/Jul/2023:21:31:15 +0000] "GET /login HTTP/1.1" 304 -
::ffff:127.0.0.1 - - [06/Jul/2023:21:31:15 +0000] "GET /index HTTP/1.1" 302 56
::ffff:127.0.0.1 - - [06/Jul/2023:21:31:15 +0000] "GET /login HTTP/1.1" 304 -
::ffff:127.0.0.1 - - [06/Jul/2023:21:31:15 +0000] "GET /index HTTP/1.1" 302 56
::ffff:127.0.0.1 - - [06/Jul/2023:21:31:15 +0000] "GET /login HTTP/1.1" 304 -
::ffff:127.0.0.1 - - [06/Jul/2023:21:31:15 +0000] "GET /index HTTP/1.1" 302 56
::ffff:127.0.0.1 - - [06/Jul/2023:21:31:15 +0000] "GET /login HTTP/1.1" 304 -
::ffff:127.0.0.1 - - [06/Jul/2023:21:31:15 +0000] "GET /index HTTP/1.1" 302 56
::ffff:127.0.0.1 - - [06/Jul/2023:21:31:15 +0000] "GET /login HTTP/1.1" 304 -
::ffff:127.0.0.1 - - [06/Jul/2023:21:31:16 +0000] "GET /index HTTP/1.1" 302 56
::ffff:127.0.0.1 - - [06/Jul/2023:21:31:16 +0000] "GET /login HTTP/1.1" 304 -
::ffff:127.0.0.1 - - [06/Jul/2023:21:31:16 +0000] "GET /index HTTP/1.1" 302 56
::ffff:127.0.0.1 - - [06/Jul/2023:21:31:16 +0000] "GET /login HTTP/1.1" 304 -
::ffff:127.0.0.1 - - [06/Jul/2023:21:31:16 +0000] "GET /index HTTP/1.1" 302 56
::ffff:127.0.0.1 - - [06/Jul/2023:21:31:16 +0000] "GET /login HTTP/1.1" 304 -
::ffff:127.0.0.1 - - [06/Jul/2023:21:31:16 +0000] "GET /index HTTP/1.1" 302 56
::ffff:127.0.0.1 - - [06/Jul/2023:21:31:16 +0000] "GET /login HTTP/1.1" 304 -
::ffff:127.0.0.1 - - [06/Jul/2023:21:31:16 +0000] "GET /index HTTP/1.1" 302 56
::ffff:127.0.0.1 - - [06/Jul/2023:21:31:16 +0000] "GET /login HTTP/1.1" 304 -
::ffff:127.0.0.1 - - [06/Jul/2023:21:31:17 +0000] "GET /index HTTP/1.1" 302 56
::ffff:127.0.0.1 - - [06/Jul/2023:21:31:17 +0000] "GET /login HTTP/1.1" 304 -
::ffff:127.0.0.1 - - [06/Jul/2023:21:31:17 +0000] "GET /index HTTP/1.1" 302 56
::ffff:127.0.0.1 - - [06/Jul/2023:21:31:17 +0000] "GET /login HTTP/1.1" 304 -
::ffff:127.0.0.1 - - [06/Jul/2023:21:31:17 +0000] "GET /index HTTP/1.1" 302 56
::ffff:127.0.0.1 - - [06/Jul/2023:21:31:17 +0000] "GET /login HTTP/1.1" 304 -
::ffff:127.0.0.1 - - [06/Jul/2023:21:31:17 +0000] "GET /index HTTP/1.1" 302 56
::ffff:127.0.0.1 - - [06/Jul/2023:21:31:17 +0000] "GET /login HTTP/1.1" 304 -
::ffff:127.0.0.1 - - [06/Jul/2023:21:31:17 +0000] "GET /index HTTP/1.1" 302 56
::ffff:127.0.0.1 - - [06/Jul/2023:21:31:17 +0000] "GET /login HTTP/1.1" 304 -
::ffff:127.0.0.1 - - [06/Jul/2023:21:31:17 +0000] "GET /index HTTP/1.1" 302 56
::ffff:127.0.0.1 - - [06/Jul/2023:21:31:17 +0000] "GET /login HTTP/1.1" 304 -
::ffff:127.0.0.1 - - [06/Jul/2023:21:31:17 +0000] "GET /index HTTP/1.1" 302 56
::ffff:127.0.0.1 - - [06/Jul/2023:21:31:17 +0000] "GET /login HTTP/1.1" 304 -
::ffff:127.0.0.1 - - [06/Jul/2023:21:31:32 +0000] "GET /login HTTP/1.1" 304 -
::ffff:127.0.0.1 - - [06/Jul/2023:21:31:33 +0000] "GET /index HTTP/1.1" 302 56
::ffff:127.0.0.1 - - [06/Jul/2023:21:31:33 +0000] "GET /login HTTP/1.1" 304 -
::ffff:127.0.0.1 - - [06/Jul/2023:21:31:33 +0000] "GET /index HTTP/1.1" 302 56
::ffff:127.0.0.1 - - [06/Jul/2023:21:31:33 +0000] "GET /login HTTP/1.1" 304 -
::ffff:127.0.0.1 - - [06/Jul/2023:21:31:33 +0000] "GET /index HTTP/1.1" 302 56
::ffff:127.0.0.1 - - [06/Jul/2023:21:31:33 +0000] "GET /login HTTP/1.1" 304 -
::ffff:127.0.0.1 - - [06/Jul/2023:21:31:33 +0000] "GET /index HTTP/1.1" 302 56
::ffff:127.0.0.1 - - [06/Jul/2023:21:31:33 +0000] "GET /login HTTP/1.1" 304 -
::ffff:127.0.0.1 - - [06/Jul/2023:21:31:33 +0000] "GET /index HTTP/1.1" 302 56
::ffff:127.0.0.1 - - [06/Jul/2023:21:31:33 +0000] "GET /login HTTP/1.1" 304 -
::ffff:127.0.0.1 - - [06/Jul/2023:21:31:33 +0000] "GET /index HTTP/1.1" 302 56
::ffff:127.0.0.1 - - [06/Jul/2023:21:31:33 +0000] "GET /login HTTP/1.1" 304 -
::ffff:127.0.0.1 - - [06/Jul/2023:21:31:33 +0000] "GET /index HTTP/1.1" 302 56
::ffff:127.0.0.1 - - [06/Jul/2023:21:31:33 +0000] "GET /login HTTP/1.1" 304 -
::ffff:127.0.0.1 - - [06/Jul/2023:21:31:33 +0000] "GET /index HTTP/1.1" 302 56
::ffff:127.0.0.1 - - [06/Jul/2023:21:31:33 +0000] "GET /login HTTP/1.1" 304 -
::ffff:127.0.0.1 - - [06/Jul/2023:21:31:33 +0000] "GET /index HTTP/1.1" 302 56
::ffff:127.0.0.1 - - [06/Jul/2023:21:31:33 +0000] "GET /login HTTP/1.1" 304 -
::ffff:127.0.0.1 - - [06/Jul/2023:21:31:33 +0000] "GET /index HTTP/1.1" 302 56
::ffff:127.0.0.1 - - [06/Jul/2023:21:31:33 +0000] "GET /login HTTP/1.1" 304 -
::ffff:127.0.0.1 - - [06/Jul/2023:21:31:34 +0000] "GET /index HTTP/1.1" 302 56
::ffff:127.0.0.1 - - [06/Jul/2023:21:31:34 +0000] "GET /login HTTP/1.1" 304 -
::ffff:127.0.0.1 - - [06/Jul/2023:21:31:34 +0000] "GET /index HTTP/1.1" 302 56
::ffff:127.0.0.1 - - [06/Jul/2023:21:31:34 +0000] "GET /login HTTP/1.1" 304 -
::ffff:127.0.0.1 - - [06/Jul/2023:21:31:34 +0000] "GET /index HTTP/1.1" 302 56
::ffff:127.0.0.1 - - [06/Jul/2023:21:31:34 +0000] "GET /login HTTP/1.1" 304 -
::ffff:127.0.0.1 - - [06/Jul/2023:21:31:34 +0000] "GET /index HTTP/1.1" 302 56
::ffff:127.0.0.1 - - [06/Jul/2023:21:31:34 +0000] "GET /login HTTP/1.1" 304 -
::ffff:127.0.0.1 - - [06/Jul/2023:21:31:34 +0000] "GET /index HTTP/1.1" 302 56
::ffff:127.0.0.1 - - [06/Jul/2023:21:31:34 +0000] "GET /login HTTP/1.1" 304 -
::ffff:127.0.0.1 - - [06/Jul/2023:21:31:34 +0000] "GET /index HTTP/1.1" 302 56
::ffff:127.0.0.1 - - [06/Jul/2023:21:31:34 +0000] "GET /login HTTP/1.1" 304 -
::ffff:127.0.0.1 - - [06/Jul/2023:21:31:34 +0000] "GET /index HTTP/1.1" 302 56
::ffff:127.0.0.1 - - [06/Jul/2023:21:31:34 +0000] "GET /login HTTP/1.1" 304 -
::ffff:127.0.0.1 - - [06/Jul/2023:21:31:34 +0000] "GET /index HTTP/1.1" 302 56
::ffff:127.0.0.1 - - [06/Jul/2023:21:31:34 +0000] "GET /login HTTP/1.1" 304 -
::ffff:127.0.0.1 - - [06/Jul/2023:21:31:34 +0000] "GET /index HTTP/1.1" 302 56
::ffff:127.0.0.1 - - [06/Jul/2023:21:31:34 +0000] "GET /login HTTP/1.1" 304 -
::ffff:127.0.0.1 - - [06/Jul/2023:21:31:34 +0000] "GET /index HTTP/1.1" 302 56
::ffff:127.0.0.1 - - [06/Jul/2023:21:31:34 +0000] "GET /login HTTP/1.1" 304 -
::ffff:127.0.0.1 - - [06/Jul/2023:21:31:35 +0000] "GET /index HTTP/1.1" 302 56
::ffff:127.0.0.1 - - [06/Jul/2023:21:31:35 +0000] "GET /login HTTP/1.1" 304 -
::ffff:127.0.0.1 - - [06/Jul/2023:21:31:35 +0000] "GET /index HTTP/1.1" 302 56
::ffff:127.0.0.1 - - [06/Jul/2023:21:31:35 +0000] "GET /login HTTP/1.1" 304 -
::ffff:127.0.0.1 - - [06/Jul/2023:21:31:35 +0000] "GET /index HTTP/1.1" 302 56
::ffff:127.0.0.1 - - [06/Jul/2023:21:31:35 +0000] "GET /login HTTP/1.1" 304 -
::ffff:127.0.0.1 - - [06/Jul/2023:21:31:35 +0000] "GET /index HTTP/1.1" 302 56
::ffff:127.0.0.1 - - [06/Jul/2023:21:31:35 +0000] "GET /login HTTP/1.1" 304 -
::ffff:127.0.0.1 - - [06/Jul/2023:21:31:35 +0000] "GET /index HTTP/1.1" 302 56
::ffff:127.0.0.1 - - [06/Jul/2023:21:31:35 +0000] "GET /login HTTP/1.1" 304 -
::ffff:127.0.0.1 - - [06/Jul/2023:21:31:35 +0000] "GET /index HTTP/1.1" 302 56
::ffff:127.0.0.1 - - [06/Jul/2023:21:31:35 +0000] "GET /login HTTP/1.1" 304 -
::ffff:127.0.0.1 - - [06/Jul/2023:21:31:36 +0000] "GET /index HTTP/1.1" 302 56
::ffff:127.0.0.1 - - [06/Jul/2023:21:31:36 +0000] "GET /login HTTP/1.1" 304 -
::ffff:127.0.0.1 - - [06/Jul/2023:21:31:36 +0000] "GET /index HTTP/1.1" 302 56
::ffff:127.0.0.1 - - [06/Jul/2023:21:31:36 +0000] "GET /login HTTP/1.1" 304 -
::ffff:127.0.0.1 - - [06/Jul/2023:21:31:36 +0000] "GET /index HTTP/1.1" 302 56
::ffff:127.0.0.1 - - [06/Jul/2023:21:31:36 +0000] "GET /login HTTP/1.1" 304 -
::ffff:127.0.0.1 - - [06/Jul/2023:21:31:37 +0000] "GET /index HTTP/1.1" 302 56
::ffff:127.0.0.1 - - [06/Jul/2023:21:31:37 +0000] "GET /login HTTP/1.1" 304 -
::ffff:127.0.0.1 - - [06/Jul/2023:21:31:37 +0000] "GET /index HTTP/1.1" 302 56
::ffff:127.0.0.1 - - [06/Jul/2023:21:31:37 +0000] "GET /login HTTP/1.1" 304 -
::ffff:127.0.0.1 - - [06/Jul/2023:21:31:37 +0000] "GET /index HTTP/1.1" 302 56
::ffff:127.0.0.1 - - [06/Jul/2023:21:31:37 +0000] "GET /login HTTP/1.1" 304 -
::ffff:127.0.0.1 - - [06/Jul/2023:21:31:38 +0000] "GET /index HTTP/1.1" 302 56
::ffff:127.0.0.1 - - [06/Jul/2023:21:31:38 +0000] "GET /login HTTP/1.1" 304 -
::ffff:127.0.0.1 - - [06/Jul/2023:21:31:38 +0000] "GET /index HTTP/1.1" 302 56
::ffff:127.0.0.1 - - [06/Jul/2023:21:31:38 +0000] "GET /login HTTP/1.1" 304 -
::ffff:127.0.0.1 - - [06/Jul/2023:21:31:38 +0000] "GET /index HTTP/1.1" 302 56
::ffff:127.0.0.1 - - [06/Jul/2023:21:31:38 +0000] "GET /login HTTP/1.1" 304 -
::ffff:127.0.0.1 - - [06/Jul/2023:21:31:38 +0000] "GET /index HTTP/1.1" 302 56
::ffff:127.0.0.1 - - [06/Jul/2023:21:31:38 +0000] "GET /login HTTP/1.1" 304 -
::ffff:127.0.0.1 - - [06/Jul/2023:21:31:39 +0000] "GET /index HTTP/1.1" 302 56
::ffff:127.0.0.1 - - [06/Jul/2023:21:31:39 +0000] "GET /login HTTP/1.1" 304 -
::ffff:127.0.0.1 - - [06/Jul/2023:21:31:39 +0000] "GET /index HTTP/1.1" 302 56
::ffff:127.0.0.1 - - [06/Jul/2023:21:31:39 +0000] "GET /login HTTP/1.1" 304 -
::ffff:127.0.0.1 - - [06/Jul/2023:21:31:39 +0000] "GET /index HTTP/1.1" 302 56
::ffff:127.0.0.1 - - [06/Jul/2023:21:31:39 +0000] "GET /login HTTP/1.1" 304 -
::ffff:127.0.0.1 - - [06/Jul/2023:21:31:39 +0000] "GET /index HTTP/1.1" 302 56
::ffff:127.0.0.1 - - [06/Jul/2023:21:31:39 +0000] "GET /login HTTP/1.1" 304 -
::ffff:127.0.0.1 - - [06/Jul/2023:21:31:40 +0000] "GET /index HTTP/1.1" 302 56
::ffff:127.0.0.1 - - [06/Jul/2023:21:31:40 +0000] "GET /login HTTP/1.1" 304 -
::ffff:127.0.0.1 - - [06/Jul/2023:21:31:40 +0000] "GET /index HTTP/1.1" 302 56
::ffff:127.0.0.1 - - [06/Jul/2023:21:31:40 +0000] "GET /login HTTP/1.1" 304 -
::ffff:127.0.0.1 - - [06/Jul/2023:21:31:40 +0000] "GET /index HTTP/1.1" 302 56
::ffff:127.0.0.1 - - [06/Jul/2023:21:31:40 +0000] "GET /login HTTP/1.1" 304 -
::ffff:127.0.0.1 - - [06/Jul/2023:21:31:40 +0000] "GET /index HTTP/1.1" 302 56
::ffff:127.0.0.1 - - [06/Jul/2023:21:31:40 +0000] "GET /login HTTP/1.1" 304 -
::ffff:127.0.0.1 - - [06/Jul/2023:21:31:40 +0000] "GET /index HTTP/1.1" 302 56
::ffff:127.0.0.1 - - [06/Jul/2023:21:31:40 +0000] "GET /login HTTP/1.1" 304 -
::ffff:127.0.0.1 - - [06/Jul/2023:21:31:40 +0000] "GET /index HTTP/1.1" 302 56
::ffff:127.0.0.1 - - [06/Jul/2023:21:31:40 +0000] "GET /login HTTP/1.1" 304 -
::ffff:127.0.0.1 - - [06/Jul/2023:21:31:41 +0000] "GET /index HTTP/1.1" 302 56
::ffff:127.0.0.1 - - [06/Jul/2023:21:31:41 +0000] "GET /login HTTP/1.1" 304 -
::ffff:127.0.0.1 - - [06/Jul/2023:21:31:41 +0000] "GET /index HTTP/1.1" 302 56
::ffff:127.0.0.1 - - [06/Jul/2023:21:31:41 +0000] "GET /login HTTP/1.1" 304 -
::ffff:127.0.0.1 - - [06/Jul/2023:21:31:41 +0000] "GET /index HTTP/1.1" 302 56
::ffff:127.0.0.1 - - [06/Jul/2023:21:31:41 +0000] "GET /login HTTP/1.1" 304 -
::ffff:127.0.0.1 - - [06/Jul/2023:21:31:42 +0000] "GET /index HTTP/1.1" 302 56
::ffff:127.0.0.1 - - [06/Jul/2023:21:31:42 +0000] "GET /login HTTP/1.1" 304 -
::ffff:127.0.0.1 - - [06/Jul/2023:21:31:42 +0000] "GET /index HTTP/1.1" 302 56
::ffff:127.0.0.1 - - [06/Jul/2023:21:31:42 +0000] "GET /login HTTP/1.1" 304 -
::ffff:127.0.0.1 - - [06/Jul/2023:21:31:42 +0000] "GET /index HTTP/1.1" 302 56
::ffff:127.0.0.1 - - [06/Jul/2023:21:31:42 +0000] "GET /login HTTP/1.1" 304 -
::ffff:127.0.0.1 - - [06/Jul/2023:21:31:42 +0000] "GET /index HTTP/1.1" 302 56
::ffff:127.0.0.1 - - [06/Jul/2023:21:31:42 +0000] "GET /login HTTP/1.1" 304 -
::ffff:127.0.0.1 - - [06/Jul/2023:21:31:43 +0000] "GET /index HTTP/1.1" 302 56
::ffff:127.0.0.1 - - [06/Jul/2023:21:31:43 +0000] "GET /login HTTP/1.1" 304 -
::ffff:127.0.0.1 - - [06/Jul/2023:21:31:43 +0000] "GET /index HTTP/1.1" 302 56
::ffff:127.0.0.1 - - [06/Jul/2023:21:31:43 +0000] "GET /login HTTP/1.1" 304 -
::ffff:127.0.0.1 - - [06/Jul/2023:21:31:43 +0000] "GET /index HTTP/1.1" 302 56
::ffff:127.0.0.1 - - [06/Jul/2023:21:31:43 +0000] "GET /login HTTP/1.1" 304 -
::ffff:127.0.0.1 - - [06/Jul/2023:21:31:44 +0000] "GET /index HTTP/1.1" 302 56
::ffff:127.0.0.1 - - [06/Jul/2023:21:31:44 +0000] "GET /login HTTP/1.1" 304 -
::ffff:127.0.0.1 - - [06/Jul/2023:21:31:44 +0000] "GET /index HTTP/1.1" 302 56
::ffff:127.0.0.1 - - [06/Jul/2023:21:31:44 +0000] "GET /login HTTP/1.1" 304 -
::ffff:127.0.0.1 - - [06/Jul/2023:21:31:44 +0000] "GET /index HTTP/1.1" 302 56
::ffff:127.0.0.1 - - [06/Jul/2023:21:31:44 +0000] "GET /login HTTP/1.1" 304 -
::ffff:127.0.0.1 - - [06/Jul/2023:21:31:45 +0000] "GET /index HTTP/1.1" 302 56
::ffff:127.0.0.1 - - [06/Jul/2023:21:31:45 +0000] "GET /login HTTP/1.1" 304 -
::ffff:127.0.0.1 - - [06/Jul/2023:21:31:45 +0000] "GET /index HTTP/1.1" 302 56
::ffff:127.0.0.1 - - [06/Jul/2023:21:31:45 +0000] "GET /login HTTP/1.1" 304 -
::ffff:127.0.0.1 - - [06/Jul/2023:21:31:45 +0000] "GET /index HTTP/1.1" 302 56
::ffff:127.0.0.1 - - [06/Jul/2023:21:31:45 +0000] "GET /login HTTP/1.1" 304 -
::ffff:127.0.0.1 - - [06/Jul/2023:21:31:46 +0000] "GET /index HTTP/1.1" 302 56
::ffff:127.0.0.1 - - [06/Jul/2023:21:31:46 +0000] "GET /login HTTP/1.1" 304 -
::ffff:127.0.0.1 - - [06/Jul/2023:21:31:46 +0000] "GET /index HTTP/1.1" 302 56
::ffff:127.0.0.1 - - [06/Jul/2023:21:31:46 +0000] "GET /login HTTP/1.1" 304 -
::ffff:127.0.0.1 - - [06/Jul/2023:21:31:46 +0000] "GET /index HTTP/1.1" 302 56
::ffff:127.0.0.1 - - [06/Jul/2023:21:31:46 +0000] "GET /login HTTP/1.1" 304 -
::ffff:127.0.0.1 - - [06/Jul/2023:21:31:46 +0000] "GET /index HTTP/1.1" 302 56
::ffff:127.0.0.1 - - [06/Jul/2023:21:31:46 +0000] "GET /login HTTP/1.1" 304 -
::ffff:127.0.0.1 - - [06/Jul/2023:21:31:46 +0000] "GET /index HTTP/1.1" 302 56
::ffff:127.0.0.1 - - [06/Jul/2023:21:31:46 +0000] "GET /login HTTP/1.1" 304 -
::ffff:127.0.0.1 - - [06/Jul/2023:21:31:46 +0000] "GET /index HTTP/1.1" 302 56
::ffff:127.0.0.1 - - [06/Jul/2023:21:31:46 +0000] "GET /login HTTP/1.1" 304 -
::ffff:127.0.0.1 - - [06/Jul/2023:21:31:46 +0000] "GET /index HTTP/1.1" 302 56
::ffff:127.0.0.1 - - [06/Jul/2023:21:31:46 +0000] "GET /login HTTP/1.1" 304 -
::ffff:127.0.0.1 - - [06/Jul/2023:21:31:47 +0000] "GET /index HTTP/1.1" 302 56
::ffff:127.0.0.1 - - [06/Jul/2023:21:31:47 +0000] "GET /login HTTP/1.1" 304 -
::ffff:127.0.0.1 - - [06/Jul/2023:21:31:47 +0000] "GET /index HTTP/1.1" 302 56
::ffff:127.0.0.1 - - [06/Jul/2023:21:31:47 +0000] "GET /login HTTP/1.1" 304 -
::ffff:127.0.0.1 - - [06/Jul/2023:21:31:47 +0000] "GET /index HTTP/1.1" 302 56
::ffff:127.0.0.1 - - [06/Jul/2023:21:31:47 +0000] "GET /login HTTP/1.1" 304 -
::ffff:127.0.0.1 - - [06/Jul/2023:21:34:13 +0000] "GET /index HTTP/1.1" 302 56
::ffff:127.0.0.1 - - [06/Jul/2023:21:34:13 +0000] "GET /login HTTP/1.1" 200 5440
::ffff:127.0.0.1 - - [06/Jul/2023:21:34:25 +0000] "GET /index HTTP/1.1" 302 56
::ffff:127.0.0.1 - - [06/Jul/2023:21:34:25 +0000] "GET /login HTTP/1.1" 304 -
::ffff:127.0.0.1 - - [06/Jul/2023:21:34:43 +0000] "POST /users/login HTTP/1.1" 200 390
::ffff:127.0.0.1 - - [06/Jul/2023:21:34:43 +0000] "GET /index HTTP/1.1" 200 2888
::ffff:127.0.0.1 - - [06/Jul/2023:21:36:29 +0000] "POST /users/login HTTP/1.1" 200 390
::ffff:127.0.0.1 - - [06/Jul/2023:21:36:29 +0000] "GET /index HTTP/1.1" 304 -
::ffff:127.0.0.1 - - [06/Jul/2023:21:37:38 +0000] "GET /login HTTP/1.1" 200 5500
::ffff:127.0.0.1 - - [06/Jul/2023:21:37:45 +0000] "GET /index HTTP/1.1" 304 -
::ffff:127.0.0.1 - - [06/Jul/2023:21:37:52 +0000] "GET /login HTTP/1.1" 304 -
::ffff:127.0.0.1 - - [06/Jul/2023:21:38:22 +0000] "GET /login HTTP/1.1" 304 -
::ffff:127.0.0.1 - - [06/Jul/2023:21:39:16 +0000] "GET /login HTTP/1.1" 200 5500
::ffff:127.0.0.1 - - [06/Jul/2023:21:39:16 +0000] "GET /index HTTP/1.1" 304 -
::ffff:127.0.0.1 - - [06/Jul/2023:21:39:24 +0000] "GET /login HTTP/1.1" 304 -
::ffff:127.0.0.1 - - [06/Jul/2023:21:39:24 +0000] "GET /index HTTP/1.1" 304 -
::ffff:127.0.0.1 - - [06/Jul/2023:21:39:43 +0000] "GET /login HTTP/1.1" 304 -
::ffff:127.0.0.1 - - [06/Jul/2023:21:39:58 +0000] "POST /users/login HTTP/1.1" 200 390
::ffff:127.0.0.1 - - [06/Jul/2023:21:39:58 +0000] "GET /index HTTP/1.1" 304 -
::ffff:127.0.0.1 - - [06/Jul/2023:21:40:00 +0000] "GET /index HTTP/1.1" 304 -
::ffff:127.0.0.1 - - [06/Jul/2023:21:40:24 +0000] "GET /login HTTP/1.1" 200 5502
::ffff:127.0.0.1 - - [06/Jul/2023:21:40:32 +0000] "POST /users/login HTTP/1.1" 200 390
::ffff:127.0.0.1 - - [06/Jul/2023:21:40:32 +0000] "GET /index HTTP/1.1" 304 -
::ffff:127.0.0.1 - - [06/Jul/2023:21:41:03 +0000] "GET /login HTTP/1.1" 200 5502
::ffff:127.0.0.1 - - [06/Jul/2023:21:41:03 +0000] "GET /index HTTP/1.1" 304 -
::ffff:127.0.0.1 - - [06/Jul/2023:21:41:05 +0000] "GET /login HTTP/1.1" 304 -
::ffff:127.0.0.1 - - [06/Jul/2023:21:41:23 +0000] "POST /users/login HTTP/1.1" 200 390
::ffff:127.0.0.1 - - [06/Jul/2023:21:41:37 +0000] "GET /login HTTP/1.1" 200 5442
::ffff:127.0.0.1 - - [06/Jul/2023:21:41:37 +0000] "GET /index HTTP/1.1" 304 -
::ffff:127.0.0.1 - - [06/Jul/2023:21:41:38 +0000] "GET /login HTTP/1.1" 304 -
::ffff:127.0.0.1 - - [06/Jul/2023:21:42:02 +0000] "POST /users/login HTTP/1.1" 200 390
::ffff:127.0.0.1 - - [06/Jul/2023:21:44:03 +0000] "GET /login HTTP/1.1" 304 -
::ffff:127.0.0.1 - - [06/Jul/2023:21:44:03 +0000] "GET /index HTTP/1.1" 200 2908
::ffff:127.0.0.1 - - [06/Jul/2023:21:44:04 +0000] "GET /login HTTP/1.1" 304 -
::ffff:127.0.0.1 - - [06/Jul/2023:21:44:13 +0000] "POST /users/login HTTP/1.1" 200 390
::ffff:127.0.0.1 - - [06/Jul/2023:21:46:23 +0000] "GET /login HTTP/1.1" 200 5530
::ffff:127.0.0.1 - - [06/Jul/2023:21:46:23 +0000] "GET /index HTTP/1.1" 304 -
::ffff:127.0.0.1 - - [06/Jul/2023:21:46:28 +0000] "GET /login HTTP/1.1" 304 -
::ffff:127.0.0.1 - - [06/Jul/2023:21:46:28 +0000] "GET /index HTTP/1.1" 304 -
::ffff:127.0.0.1 - - [06/Jul/2023:21:46:32 +0000] "GET /login HTTP/1.1" 304 -
::ffff:127.0.0.1 - - [06/Jul/2023:21:46:32 +0000] "GET /index HTTP/1.1" 304 -
::ffff:127.0.0.1 - - [06/Jul/2023:21:48:31 +0000] "GET /index HTTP/1.1" 200 3884
::ffff:127.0.0.1 - - [06/Jul/2023:21:49:46 +0000] "GET /index HTTP/1.1" 200 3886
::ffff:127.0.0.1 - - [06/Jul/2023:21:50:04 +0000] "GET /index HTTP/1.1" 200 3046
::ffff:127.0.0.1 - - [06/Jul/2023:21:50:11 +0000] "GET /index HTTP/1.1" 200 3047
::ffff:127.0.0.1 - - [06/Jul/2023:21:50:16 +0000] "GET /index HTTP/1.1" 200 3047
::ffff:127.0.0.1 - - [06/Jul/2023:21:50:26 +0000] "GET /index HTTP/1.1" 200 2514
::ffff:127.0.0.1 - - [06/Jul/2023:21:50:36 +0000] "GET /login HTTP/1.1" 304 -
::ffff:127.0.0.1 - - [06/Jul/2023:21:50:56 +0000] "GET /index HTTP/1.1" 302 56
::ffff:127.0.0.1 - - [06/Jul/2023:21:50:56 +0000] "GET /login HTTP/1.1" 304 -
::ffff:127.0.0.1 - - [06/Jul/2023:21:51:01 +0000] "POST /users/login HTTP/1.1" 200 390
::ffff:127.0.0.1 - - [06/Jul/2023:21:51:01 +0000] "GET /index HTTP/1.1" 200 2460
::ffff:127.0.0.1 - - [06/Jul/2023:21:51:17 +0000] "GET /index HTTP/1.1" 200 2312
::ffff:127.0.0.1 - - [06/Jul/2023:21:51:20 +0000] "GET /index HTTP/1.1" 200 2460
::ffff:127.0.0.1 - - [06/Jul/2023:21:53:47 +0000] "GET /index HTTP/1.1" 200 3112
::ffff:127.0.0.1 - - [06/Jul/2023:21:53:55 +0000] "GET / HTTP/1.1" 404 53
::ffff:127.0.0.1 - - [06/Jul/2023:21:54:10 +0000] "GET /index HTTP/1.1" 200 2460
::ffff:127.0.0.1 - - [06/Jul/2023:21:54:53 +0000] "GET /index HTTP/1.1" 200 2460
::ffff:127.0.0.1 - - [06/Jul/2023:21:54:58 +0000] "GET / HTTP/1.1" 404 53
::ffff:127.0.0.1 - - [06/Jul/2023:21:57:22 +0000] "GET /index HTTP/1.1" 200 2514
::ffff:127.0.0.1 - - [06/Jul/2023:21:57:23 +0000] "GET /index HTTP/1.1" 304 -
::ffff:127.0.0.1 - - [06/Jul/2023:21:57:23 +0000] "GET /index HTTP/1.1" 304 -
::ffff:127.0.0.1 - - [06/Jul/2023:21:57:24 +0000] "GET / HTTP/1.1" 404 53
::1 - - [06/Jul/2023:21:57:29 +0000] "GET /index HTTP/1.1" 302 56
::1 - - [06/Jul/2023:21:57:29 +0000] "GET /login HTTP/1.1" 200 5530
::1 - - [06/Jul/2023:21:57:29 +0000] "GET /favicon.ico HTTP/1.1" 404 64
::1 - - [06/Jul/2023:21:57:33 +0000] "GET /index HTTP/1.1" 302 56
::1 - - [06/Jul/2023:21:57:33 +0000] "GET /login HTTP/1.1" 304 -
::1 - - [06/Jul/2023:21:57:43 +0000] "POST /users/login HTTP/1.1" 200 390
::1 - - [06/Jul/2023:21:57:43 +0000] "GET /index HTTP/1.1" 200 2514
::1 - - [06/Jul/2023:21:57:44 +0000] "GET / HTTP/1.1" 404 53
::1 - - [06/Jul/2023:21:58:13 +0000] "GET /index HTTP/1.1" 200 2519
::1 - - [06/Jul/2023:21:58:14 +0000] "GET /index HTTP/1.1" 304 -
::1 - - [06/Jul/2023:21:58:15 +0000] "GET /index HTTP/1.1" 304 -
::1 - - [06/Jul/2023:21:58:15 +0000] "GET /index HTTP/1.1" 304 -
::1 - - [06/Jul/2023:21:58:15 +0000] "GET /index HTTP/1.1" 304 -
::1 - - [06/Jul/2023:21:59:14 +0000] "GET /index HTTP/1.1" 200 3359
::1 - - [06/Jul/2023:22:00:12 +0000] "GET /index HTTP/1.1" 200 3756
::1 - - [06/Jul/2023:22:00:13 +0000] "GET /index HTTP/1.1" 304 -
::1 - - [06/Jul/2023:22:00:14 +0000] "GET /login HTTP/1.1" 304 -
::1 - - [06/Jul/2023:22:00:27 +0000] "GET /index HTTP/1.1" 302 56
::1 - - [06/Jul/2023:22:00:27 +0000] "GET /login HTTP/1.1" 304 -
::1 - - [06/Jul/2023:22:00:38 +0000] "POST /users/login HTTP/1.1" 200 390
::1 - - [06/Jul/2023:22:00:38 +0000] "GET /index HTTP/1.1" 200 3756
::1 - - [06/Jul/2023:22:00:43 +0000] "GET /index HTTP/1.1" 304 -
::1 - - [06/Jul/2023:22:00:44 +0000] "GET /index HTTP/1.1" 304 -
::1 - - [06/Jul/2023:22:00:44 +0000] "GET /index HTTP/1.1" 304 -
::1 - - [06/Jul/2023:22:00:45 +0000] "GET /index HTTP/1.1" 304 -
::1 - - [06/Jul/2023:22:00:45 +0000] "GET /index HTTP/1.1" 304 -
::1 - - [06/Jul/2023:22:00:45 +0000] "GET /index HTTP/1.1" 304 -
::1 - - [06/Jul/2023:22:00:50 +0000] "GET /index HTTP/1.1" 200 3359
::1 - - [06/Jul/2023:22:01:10 +0000] "GET /index HTTP/1.1" 200 2519
::1 - - [06/Jul/2023:22:04:50 +0000] "GET /index HTTP/1.1" 200 7185
::1 - - [06/Jul/2023:22:04:51 +0000] "GET /index HTTP/1.1" 304 -
::1 - - [06/Jul/2023:22:06:33 +0000] "GET /index HTTP/1.1" 200 5640
::1 - - [06/Jul/2023:22:07:42 +0000] "GET /index HTTP/1.1" 200 5744
::1 - - [06/Jul/2023:22:08:20 +0000] "GET /index HTTP/1.1" 304 -
::1 - - [06/Jul/2023:22:08:21 +0000] "GET /index HTTP/1.1" 304 -
::1 - - [06/Jul/2023:22:08:21 +0000] "GET /login HTTP/1.1" 304 -
::1 - - [06/Jul/2023:22:08:27 +0000] "POST /users/login HTTP/1.1" 200 390
::1 - - [06/Jul/2023:22:08:27 +0000] "GET /index HTTP/1.1" 304 -
::1 - - [06/Jul/2023:22:09:39 +0000] "GET /index HTTP/1.1" 200 5821
::1 - - [06/Jul/2023:22:13:46 +0000] "GET /index HTTP/1.1" 304 -
